mode: set
github.com/ansible/receptor/pkg/workceptor/command.go:69.54,70.24 1 0
github.com/ansible/receptor/pkg/workceptor/command.go:70.24,72.3 1 0
github.com/ansible/receptor/pkg/workceptor/command.go:73.2,74.18 2 0
github.com/ansible/receptor/pkg/workceptor/command.go:74.18,76.3 1 0
github.com/ansible/receptor/pkg/workceptor/command.go:77.2,77.9 1 0
github.com/ansible/receptor/pkg/workceptor/command.go:78.18,79.9 1 0
github.com/ansible/receptor/pkg/workceptor/command.go:80.38,81.112 1 0
github.com/ansible/receptor/pkg/workceptor/command.go:83.2,83.24 1 0
github.com/ansible/receptor/pkg/workceptor/command.go:83.24,86.19 3 0
github.com/ansible/receptor/pkg/workceptor/command.go:86.19,88.4 1 0
github.com/ansible/receptor/pkg/workceptor/command.go:94.51,97.2 2 1
github.com/ansible/receptor/pkg/workceptor/command.go:100.73,105.16 5 0
github.com/ansible/receptor/pkg/workceptor/command.go:105.16,107.3 1 0
github.com/ansible/receptor/pkg/workceptor/command.go:108.2,109.18 2 0
github.com/ansible/receptor/pkg/workceptor/command.go:109.18,111.3 1 0
github.com/ansible/receptor/pkg/workceptor/command.go:111.8,113.17 2 0
github.com/ansible/receptor/pkg/workceptor/command.go:113.17,115.4 1 0
github.com/ansible/receptor/pkg/workceptor/command.go:116.3,116.44 1 0
github.com/ansible/receptor/pkg/workceptor/command.go:118.2,121.16 4 0
github.com/ansible/receptor/pkg/workceptor/command.go:121.16,123.3 1 0
github.com/ansible/receptor/pkg/workceptor/command.go:124.2,126.23 2 0
github.com/ansible/receptor/pkg/workceptor/command.go:126.23,130.17 4 0
github.com/ansible/receptor/pkg/workceptor/command.go:130.17,132.4 1 0
github.com/ansible/receptor/pkg/workceptor/command.go:133.3,136.7 3 0
github.com/ansible/receptor/pkg/workceptor/command.go:136.7,138.18 2 0
github.com/ansible/receptor/pkg/workceptor/command.go:138.18,139.29 1 0
github.com/ansible/receptor/pkg/workceptor/command.go:139.29,141.6 1 0
github.com/ansible/receptor/pkg/workceptor/command.go:143.5,143.10 1 0
github.com/ansible/receptor/pkg/workceptor/command.go:145.4,145.23 1 0
github.com/ansible/receptor/pkg/workceptor/command.go:148.3,150.22 3 0
github.com/ansible/receptor/pkg/workceptor/command.go:151.8,153.3 1 0
github.com/ansible/receptor/pkg/workceptor/command.go:154.2,155.16 2 0
github.com/ansible/receptor/pkg/workceptor/command.go:155.16,157.3 1 0
github.com/ansible/receptor/pkg/workceptor/command.go:158.2,162.16 4 0
github.com/ansible/receptor/pkg/workceptor/command.go:162.16,164.3 1 0
github.com/ansible/receptor/pkg/workceptor/command.go:165.2,169.6 4 0
github.com/ansible/receptor/pkg/workceptor/command.go:169.6,170.10 1 0
github.com/ansible/receptor/pkg/workceptor/command.go:171.19,172.14 1 0
github.com/ansible/receptor/pkg/workceptor/command.go:173.19,176.18 3 0
github.com/ansible/receptor/pkg/workceptor/command.go:176.18,178.5 1 0
github.com/ansible/receptor/pkg/workceptor/command.go:179.4,179.15 1 0
github.com/ansible/receptor/pkg/workceptor/command.go:180.45,182.18 2 0
github.com/ansible/receptor/pkg/workceptor/command.go:182.18,185.32 3 0
github.com/ansible/receptor/pkg/workceptor/command.go:185.32,188.6 2 0
github.com/ansible/receptor/pkg/workceptor/command.go:189.10,191.5 1 0
github.com/ansible/receptor/pkg/workceptor/command.go:194.2,194.16 1 0
github.com/ansible/receptor/pkg/workceptor/command.go:194.16,196.17 2 0
github.com/ansible/receptor/pkg/workceptor/command.go:196.17,198.4 1 0
github.com/ansible/receptor/pkg/workceptor/command.go:200.3,200.13 1 0
github.com/ansible/receptor/pkg/workceptor/command.go:202.2,202.32 1 0
github.com/ansible/receptor/pkg/workceptor/command.go:202.32,204.17 2 0
github.com/ansible/receptor/pkg/workceptor/command.go:204.17,206.4 1 0
github.com/ansible/receptor/pkg/workceptor/command.go:207.8,209.17 2 0
github.com/ansible/receptor/pkg/workceptor/command.go:209.17,211.4 1 0
github.com/ansible/receptor/pkg/workceptor/command.go:213.2,214.16 2 0
github.com/ansible/receptor/pkg/workceptor/command.go:214.16,216.3 1 0
github.com/ansible/receptor/pkg/workceptor/command.go:217.2,218.16 2 0
github.com/ansible/receptor/pkg/workceptor/command.go:218.16,220.3 1 0
github.com/ansible/receptor/pkg/workceptor/command.go:221.2,223.12 2 0
github.com/ansible/receptor/pkg/workceptor/command.go:226.65,228.9 2 1
github.com/ansible/receptor/pkg/workceptor/command.go:229.24,230.25 1 1
github.com/ansible/receptor/pkg/workceptor/command.go:231.24,232.25 1 1
github.com/ansible/receptor/pkg/workceptor/command.go:233.10,234.66 1 0
github.com/ansible/receptor/pkg/workceptor/command.go:237.2,237.18 1 1
github.com/ansible/receptor/pkg/workceptor/command.go:241.70,243.9 2 1
github.com/ansible/receptor/pkg/workceptor/command.go:243.9,245.3 1 1
github.com/ansible/receptor/pkg/workceptor/command.go:246.2,246.47 1 1
github.com/ansible/receptor/pkg/workceptor/command.go:246.47,248.3 1 1
github.com/ansible/receptor/pkg/workceptor/command.go:249.2,251.12 2 1
github.com/ansible/receptor/pkg/workceptor/command.go:255.49,257.2 1 1
github.com/ansible/receptor/pkg/workceptor/command.go:260.59,264.8 4 1
github.com/ansible/receptor/pkg/workceptor/command.go:264.8,267.3 2 1
github.com/ansible/receptor/pkg/workceptor/command.go:268.2,270.15 2 1
github.com/ansible/receptor/pkg/workceptor/command.go:274.56,280.36 5 1
github.com/ansible/receptor/pkg/workceptor/command.go:280.36,284.3 2 0
github.com/ansible/receptor/pkg/workceptor/command.go:285.2,285.51 1 1
github.com/ansible/receptor/pkg/workceptor/command.go:285.51,286.30 1 0
github.com/ansible/receptor/pkg/workceptor/command.go:286.30,288.4 1 0
github.com/ansible/receptor/pkg/workceptor/command.go:289.3,289.61 1 0
github.com/ansible/receptor/pkg/workceptor/command.go:291.2,292.12 2 1
github.com/ansible/receptor/pkg/workceptor/command.go:292.12,295.52 3 1
github.com/ansible/receptor/pkg/workceptor/command.go:295.52,297.4 1 0
github.com/ansible/receptor/pkg/workceptor/command.go:299.2,302.12 3 1
github.com/ansible/receptor/pkg/workceptor/command.go:306.38,314.34 5 1
github.com/ansible/receptor/pkg/workceptor/command.go:314.34,316.3 1 0
github.com/ansible/receptor/pkg/workceptor/command.go:316.8,318.3 1 1
github.com/ansible/receptor/pkg/workceptor/command.go:320.2,327.27 2 1
github.com/ansible/receptor/pkg/workceptor/command.go:331.40,332.34 1 1
github.com/ansible/receptor/pkg/workceptor/command.go:332.34,334.3 1 1
github.com/ansible/receptor/pkg/workceptor/command.go:335.2,336.23 2 1
github.com/ansible/receptor/pkg/workceptor/command.go:336.23,339.3 1 1
github.com/ansible/receptor/pkg/workceptor/command.go:340.2,340.31 1 1
github.com/ansible/receptor/pkg/workceptor/command.go:340.31,343.3 1 1
github.com/ansible/receptor/pkg/workceptor/command.go:344.2,346.12 2 1
github.com/ansible/receptor/pkg/workceptor/command.go:350.39,354.25 4 1
github.com/ansible/receptor/pkg/workceptor/command.go:354.25,356.3 1 1
github.com/ansible/receptor/pkg/workceptor/command.go:357.2,358.16 2 1
github.com/ansible/receptor/pkg/workceptor/command.go:358.16,360.3 1 0
github.com/ansible/receptor/pkg/workceptor/command.go:361.2,363.16 3 1
github.com/ansible/receptor/pkg/workceptor/command.go:363.16,364.56 1 1
github.com/ansible/receptor/pkg/workceptor/command.go:364.56,366.4 1 1
github.com/ansible/receptor/pkg/workceptor/command.go:368.3,368.13 1 1
github.com/ansible/receptor/pkg/workceptor/command.go:371.2,375.12 3 1
github.com/ansible/receptor/pkg/workceptor/command.go:379.50,381.26 2 1
github.com/ansible/receptor/pkg/workceptor/command.go:381.26,383.3 1 1
github.com/ansible/receptor/pkg/workceptor/command.go:385.2,385.50 1 1
github.com/ansible/receptor/pkg/workceptor/command.go:401.124,402.16 1 1
github.com/ansible/receptor/pkg/workceptor/command.go:402.16,408.3 1 0
github.com/ansible/receptor/pkg/workceptor/command.go:410.2,418.11 3 1
github.com/ansible/receptor/pkg/workceptor/command.go:421.50,423.2 1 0
github.com/ansible/receptor/pkg/workceptor/command.go:425.55,427.2 1 0
github.com/ansible/receptor/pkg/workceptor/command.go:430.41,431.60 1 0
github.com/ansible/receptor/pkg/workceptor/command.go:431.60,433.3 1 0
github.com/ansible/receptor/pkg/workceptor/command.go:434.2,436.12 2 0
github.com/ansible/receptor/pkg/workceptor/command.go:447.41,449.16 2 0
github.com/ansible/receptor/pkg/workceptor/command.go:449.16,452.18 3 0
github.com/ansible/receptor/pkg/workceptor/command.go:452.18,454.4 1 0
github.com/ansible/receptor/pkg/workceptor/command.go:455.3,456.14 2 0
github.com/ansible/receptor/pkg/workceptor/command.go:458.2,460.12 2 0
github.com/ansible/receptor/pkg/workceptor/command.go:472.44,473.45 1 1
github.com/ansible/receptor/pkg/workceptor/command.go:473.45,474.25 1 1
github.com/ansible/receptor/pkg/workceptor/command.go:474.25,476.4 1 1
github.com/ansible/receptor/pkg/workceptor/command.go:478.3,478.13 1 0
github.com/ansible/receptor/pkg/workceptor/command.go:481.2,481.12 1 1
github.com/ansible/receptor/pkg/workceptor/command.go:484.49,486.16 2 1
github.com/ansible/receptor/pkg/workceptor/command.go:486.16,488.3 1 1
github.com/ansible/receptor/pkg/workceptor/command.go:490.2,493.12 3 0
github.com/ansible/receptor/pkg/workceptor/command.go:496.87,498.16 2 1
github.com/ansible/receptor/pkg/workceptor/command.go:498.16,500.3 1 1
github.com/ansible/receptor/pkg/workceptor/command.go:502.2,502.31 1 1
github.com/ansible/receptor/pkg/workceptor/command.go:502.31,504.17 2 1
github.com/ansible/receptor/pkg/workceptor/command.go:504.17,506.4 1 1
github.com/ansible/receptor/pkg/workceptor/command.go:508.3,508.24 1 1
github.com/ansible/receptor/pkg/workceptor/command.go:511.2,511.17 1 1
github.com/ansible/receptor/pkg/workceptor/command.go:514.50,516.16 2 1
github.com/ansible/receptor/pkg/workceptor/command.go:516.16,518.3 1 1
github.com/ansible/receptor/pkg/workceptor/command.go:519.2,521.12 2 0
github.com/ansible/receptor/pkg/workceptor/command.go:524.71,526.16 2 1
github.com/ansible/receptor/pkg/workceptor/command.go:526.16,528.3 1 1
github.com/ansible/receptor/pkg/workceptor/command.go:530.2,530.12 1 1
github.com/ansible/receptor/pkg/workceptor/command.go:533.13,535.17 2 1
github.com/ansible/receptor/pkg/workceptor/command.go:535.17,537.3 1 0
github.com/ansible/receptor/pkg/workceptor/command.go:538.2,545.95 4 1
github.com/ansible/receptor/pkg/workceptor/command_detach_unixlike.go:11.34,15.2 1 1
github.com/ansible/receptor/pkg/workceptor/controlsvc.go:27.98,29.22 2 1
github.com/ansible/receptor/pkg/workceptor/controlsvc.go:29.22,31.3 1 0
github.com/ansible/receptor/pkg/workceptor/controlsvc.go:32.2,37.22 2 1
github.com/ansible/receptor/pkg/workceptor/controlsvc.go:38.16,39.22 1 1
github.com/ansible/receptor/pkg/workceptor/controlsvc.go:39.22,41.4 1 0
github.com/ansible/receptor/pkg/workceptor/controlsvc.go:42.3,44.22 3 1
github.com/ansible/receptor/pkg/workceptor/controlsvc.go:44.22,46.4 1 0
github.com/ansible/receptor/pkg/workceptor/controlsvc.go:47.14,48.22 1 1
github.com/ansible/receptor/pkg/workceptor/controlsvc.go:48.22,50.4 1 0
github.com/ansible/receptor/pkg/workceptor/controlsvc.go:51.54,52.22 1 1
github.com/ansible/receptor/pkg/workceptor/controlsvc.go:52.22,54.4 1 0
github.com/ansible/receptor/pkg/workceptor/controlsvc.go:55.3,55.22 1 1
github.com/ansible/receptor/pkg/workceptor/controlsvc.go:55.22,57.4 1 0
github.com/ansible/receptor/pkg/workceptor/controlsvc.go:58.3,58.33 1 1
github.com/ansible/receptor/pkg/workceptor/controlsvc.go:59.17,60.22 1 1
github.com/ansible/receptor/pkg/workceptor/controlsvc.go:60.22,62.4 1 0
github.com/ansible/receptor/pkg/workceptor/controlsvc.go:63.3,63.22 1 1
github.com/ansible/receptor/pkg/workceptor/controlsvc.go:63.22,65.4 1 0
github.com/ansible/receptor/pkg/workceptor/controlsvc.go:66.3,67.22 2 1
github.com/ansible/receptor/pkg/workceptor/controlsvc.go:67.22,70.18 3 0
github.com/ansible/receptor/pkg/workceptor/controlsvc.go:70.18,72.5 1 0
github.com/ansible/receptor/pkg/workceptor/controlsvc.go:73.9,75.4 1 1
github.com/ansible/receptor/pkg/workceptor/controlsvc.go:78.2,78.15 1 1
github.com/ansible/receptor/pkg/workceptor/controlsvc.go:82.77,84.9 2 0
github.com/ansible/receptor/pkg/workceptor/controlsvc.go:84.9,86.3 1 0
github.com/ansible/receptor/pkg/workceptor/controlsvc.go:87.2,88.9 2 0
github.com/ansible/receptor/pkg/workceptor/controlsvc.go:88.9,90.3 1 0
github.com/ansible/receptor/pkg/workceptor/controlsvc.go:92.2,92.22 1 0
github.com/ansible/receptor/pkg/workceptor/controlsvc.go:96.76,98.9 2 0
github.com/ansible/receptor/pkg/workceptor/controlsvc.go:98.9,100.3 1 0
github.com/ansible/receptor/pkg/workceptor/controlsvc.go:101.2,102.8 2 0
github.com/ansible/receptor/pkg/workceptor/controlsvc.go:102.8,104.3 1 0
github.com/ansible/receptor/pkg/workceptor/controlsvc.go:105.2,106.8 2 0
github.com/ansible/receptor/pkg/workceptor/controlsvc.go:106.8,108.3 1 0
github.com/ansible/receptor/pkg/workceptor/controlsvc.go:109.2,110.8 2 0
github.com/ansible/receptor/pkg/workceptor/controlsvc.go:110.8,112.17 2 0
github.com/ansible/receptor/pkg/workceptor/controlsvc.go:112.17,114.4 1 0
github.com/ansible/receptor/pkg/workceptor/controlsvc.go:117.2,117.85 1 0
github.com/ansible/receptor/pkg/workceptor/controlsvc.go:120.76,122.9 2 0
github.com/ansible/receptor/pkg/workceptor/controlsvc.go:122.9,124.3 1 0
github.com/ansible/receptor/pkg/workceptor/controlsvc.go:125.2,126.9 2 0
github.com/ansible/receptor/pkg/workceptor/controlsvc.go:126.9,128.3 1 0
github.com/ansible/receptor/pkg/workceptor/controlsvc.go:129.2,129.28 1 0
github.com/ansible/receptor/pkg/workceptor/controlsvc.go:129.28,131.3 1 0
github.com/ansible/receptor/pkg/workceptor/controlsvc.go:132.2,132.29 1 0
github.com/ansible/receptor/pkg/workceptor/controlsvc.go:132.29,134.3 1 0
github.com/ansible/receptor/pkg/workceptor/controlsvc.go:136.2,136.89 1 0
github.com/ansible/receptor/pkg/workceptor/controlsvc.go:139.112,141.16 2 0
github.com/ansible/receptor/pkg/workceptor/controlsvc.go:141.16,143.3 1 0
github.com/ansible/receptor/pkg/workceptor/controlsvc.go:144.2,149.22 2 0
github.com/ansible/receptor/pkg/workceptor/controlsvc.go:150.16,151.28 1 0
github.com/ansible/receptor/pkg/workceptor/controlsvc.go:151.28,153.11 2 0
github.com/ansible/receptor/pkg/workceptor/controlsvc.go:153.11,155.5 1 0
github.com/ansible/receptor/pkg/workceptor/controlsvc.go:156.4,156.19 1 0
github.com/ansible/receptor/pkg/workceptor/controlsvc.go:158.3,159.17 2 0
github.com/ansible/receptor/pkg/workceptor/controlsvc.go:159.17,161.4 1 0
github.com/ansible/receptor/pkg/workceptor/controlsvc.go:162.3,163.17 2 0
github.com/ansible/receptor/pkg/workceptor/controlsvc.go:163.17,165.4 1 0
github.com/ansible/receptor/pkg/workceptor/controlsvc.go:166.54,168.17 2 0
github.com/ansible/receptor/pkg/workceptor/controlsvc.go:168.17,170.4 1 0
github.com/ansible/receptor/pkg/workceptor/controlsvc.go:171.3,172.17 2 0
github.com/ansible/receptor/pkg/workceptor/controlsvc.go:172.17,174.4 1 0
github.com/ansible/receptor/pkg/workceptor/controlsvc.go:175.14,177.17 2 0
github.com/ansible/receptor/pkg/workceptor/controlsvc.go:177.17,179.4 1 0
github.com/ansible/receptor/pkg/workceptor/controlsvc.go:180.17,182.17 2 0
github.com/ansible/receptor/pkg/workceptor/controlsvc.go:182.17,184.4 1 0
github.com/ansible/receptor/pkg/workceptor/controlsvc.go:185.3,186.17 2 0
github.com/ansible/receptor/pkg/workceptor/controlsvc.go:186.17,188.4 1 0
github.com/ansible/receptor/pkg/workceptor/controlsvc.go:189.3,190.17 2 0
github.com/ansible/receptor/pkg/workceptor/controlsvc.go:190.17,192.4 1 0
github.com/ansible/receptor/pkg/workceptor/controlsvc.go:195.2,195.15 1 0
github.com/ansible/receptor/pkg/workceptor/controlsvc.go:198.107,200.47 2 0
github.com/ansible/receptor/pkg/workceptor/controlsvc.go:200.47,202.3 1 0
github.com/ansible/receptor/pkg/workceptor/controlsvc.go:203.2,203.42 1 0
github.com/ansible/receptor/pkg/workceptor/controlsvc.go:203.42,205.17 2 0
github.com/ansible/receptor/pkg/workceptor/controlsvc.go:205.17,207.4 1 0
github.com/ansible/receptor/pkg/workceptor/controlsvc.go:210.2,210.12 1 0
github.com/ansible/receptor/pkg/workceptor/controlsvc.go:213.57,215.8 2 0
github.com/ansible/receptor/pkg/workceptor/controlsvc.go:215.8,217.3 1 0
github.com/ansible/receptor/pkg/workceptor/controlsvc.go:219.2,219.14 1 0
github.com/ansible/receptor/pkg/workceptor/controlsvc.go:223.174,226.30 3 0
github.com/ansible/receptor/pkg/workceptor/controlsvc.go:226.30,228.3 1 0
github.com/ansible/receptor/pkg/workceptor/controlsvc.go:229.2,229.22 1 0
github.com/ansible/receptor/pkg/workceptor/controlsvc.go:230.16,232.17 2 0
github.com/ansible/receptor/pkg/workceptor/controlsvc.go:232.17,234.4 1 0
github.com/ansible/receptor/pkg/workceptor/controlsvc.go:235.3,236.17 2 0
github.com/ansible/receptor/pkg/workceptor/controlsvc.go:236.17,238.4 1 0
github.com/ansible/receptor/pkg/workceptor/controlsvc.go:239.3,240.17 2 0
github.com/ansible/receptor/pkg/workceptor/controlsvc.go:240.17,242.4 1 0
github.com/ansible/receptor/pkg/workceptor/controlsvc.go:243.3,244.17 2 0
github.com/ansible/receptor/pkg/workceptor/controlsvc.go:244.17,246.4 1 0
github.com/ansible/receptor/pkg/workceptor/controlsvc.go:247.3,248.17 2 0
github.com/ansible/receptor/pkg/workceptor/controlsvc.go:248.17,250.4 1 0
github.com/ansible/receptor/pkg/workceptor/controlsvc.go:251.3,252.17 2 0
github.com/ansible/receptor/pkg/workceptor/controlsvc.go:252.17,254.4 1 0
github.com/ansible/receptor/pkg/workceptor/controlsvc.go:255.3,256.17 2 0
github.com/ansible/receptor/pkg/workceptor/controlsvc.go:256.17,258.4 1 0
github.com/ansible/receptor/pkg/workceptor/controlsvc.go:259.3,261.38 3 0
github.com/ansible/receptor/pkg/workceptor/controlsvc.go:261.38,262.39 1 0
github.com/ansible/receptor/pkg/workceptor/controlsvc.go:262.39,263.22 1 0
github.com/ansible/receptor/pkg/workceptor/controlsvc.go:263.22,265.6 1 0
github.com/ansible/receptor/pkg/workceptor/controlsvc.go:268.4,268.16 1 0
github.com/ansible/receptor/pkg/workceptor/controlsvc.go:270.3,270.30 1 0
github.com/ansible/receptor/pkg/workceptor/controlsvc.go:270.30,271.32 1 0
github.com/ansible/receptor/pkg/workceptor/controlsvc.go:271.32,272.13 1 0
github.com/ansible/receptor/pkg/workceptor/controlsvc.go:274.4,275.11 2 0
github.com/ansible/receptor/pkg/workceptor/controlsvc.go:275.11,277.5 1 0
github.com/ansible/receptor/pkg/workceptor/controlsvc.go:278.4,278.24 1 0
github.com/ansible/receptor/pkg/workceptor/controlsvc.go:280.3,281.17 2 0
github.com/ansible/receptor/pkg/workceptor/controlsvc.go:281.17,283.4 1 0
github.com/ansible/receptor/pkg/workceptor/controlsvc.go:284.3,286.45 3 0
github.com/ansible/receptor/pkg/workceptor/controlsvc.go:286.45,287.17 1 0
github.com/ansible/receptor/pkg/workceptor/controlsvc.go:287.17,289.5 1 0
github.com/ansible/receptor/pkg/workceptor/controlsvc.go:290.4,290.68 1 0
github.com/ansible/receptor/pkg/workceptor/controlsvc.go:291.9,293.4 1 0
github.com/ansible/receptor/pkg/workceptor/controlsvc.go:294.3,294.17 1 0
github.com/ansible/receptor/pkg/workceptor/controlsvc.go:294.17,296.4 1 0
github.com/ansible/receptor/pkg/workceptor/controlsvc.go:297.3,300.17 4 0
github.com/ansible/receptor/pkg/workceptor/controlsvc.go:300.17,302.4 1 0
github.com/ansible/receptor/pkg/workceptor/controlsvc.go:303.3,305.17 3 0
github.com/ansible/receptor/pkg/workceptor/controlsvc.go:305.17,309.4 2 0
github.com/ansible/receptor/pkg/workceptor/controlsvc.go:310.3,311.17 2 0
github.com/ansible/receptor/pkg/workceptor/controlsvc.go:311.17,315.4 2 0
github.com/ansible/receptor/pkg/workceptor/controlsvc.go:316.3,318.36 3 0
github.com/ansible/receptor/pkg/workceptor/controlsvc.go:318.36,322.4 2 0
github.com/ansible/receptor/pkg/workceptor/controlsvc.go:323.3,323.21 1 0
github.com/ansible/receptor/pkg/workceptor/controlsvc.go:323.21,325.4 1 0
github.com/ansible/receptor/pkg/workceptor/controlsvc.go:325.9,327.4 1 0
github.com/ansible/receptor/pkg/workceptor/controlsvc.go:329.3,329.18 1 0
github.com/ansible/receptor/pkg/workceptor/controlsvc.go:330.14,333.9 3 0
github.com/ansible/receptor/pkg/workceptor/controlsvc.go:333.9,335.4 1 0
github.com/ansible/receptor/pkg/workceptor/controlsvc.go:335.9,337.4 1 0
github.com/ansible/receptor/pkg/workceptor/controlsvc.go:338.3,339.27 2 0
github.com/ansible/receptor/pkg/workceptor/controlsvc.go:339.27,342.18 3 0
github.com/ansible/receptor/pkg/workceptor/controlsvc.go:342.18,344.5 1 0
github.com/ansible/receptor/pkg/workceptor/controlsvc.go:345.4,345.24 1 0
github.com/ansible/receptor/pkg/workceptor/controlsvc.go:348.3,348.18 1 0
github.com/ansible/receptor/pkg/workceptor/controlsvc.go:349.16,351.17 2 0
github.com/ansible/receptor/pkg/workceptor/controlsvc.go:351.17,353.4 1 0
github.com/ansible/receptor/pkg/workceptor/controlsvc.go:354.3,355.17 2 0
github.com/ansible/receptor/pkg/workceptor/controlsvc.go:355.17,357.4 1 0
github.com/ansible/receptor/pkg/workceptor/controlsvc.go:359.3,359.18 1 0
github.com/ansible/receptor/pkg/workceptor/controlsvc.go:360.44,362.17 2 0
github.com/ansible/receptor/pkg/workceptor/controlsvc.go:362.17,364.4 1 0
github.com/ansible/receptor/pkg/workceptor/controlsvc.go:365.3,366.17 2 0
github.com/ansible/receptor/pkg/workceptor/controlsvc.go:366.17,368.4 1 0
github.com/ansible/receptor/pkg/workceptor/controlsvc.go:369.3,372.31 4 0
github.com/ansible/receptor/pkg/workceptor/controlsvc.go:372.31,375.4 2 0
github.com/ansible/receptor/pkg/workceptor/controlsvc.go:375.9,378.4 2 0
github.com/ansible/receptor/pkg/workceptor/controlsvc.go:379.3,380.17 2 0
github.com/ansible/receptor/pkg/workceptor/controlsvc.go:380.17,384.4 2 0
github.com/ansible/receptor/pkg/workceptor/controlsvc.go:385.3,388.17 4 0
github.com/ansible/receptor/pkg/workceptor/controlsvc.go:388.17,390.4 1 0
github.com/ansible/receptor/pkg/workceptor/controlsvc.go:391.3,391.31 1 0
github.com/ansible/receptor/pkg/workceptor/controlsvc.go:391.31,393.4 1 0
github.com/ansible/receptor/pkg/workceptor/controlsvc.go:393.9,395.4 1 0
github.com/ansible/receptor/pkg/workceptor/controlsvc.go:396.3,396.36 1 0
github.com/ansible/receptor/pkg/workceptor/controlsvc.go:396.36,398.4 1 0
github.com/ansible/receptor/pkg/workceptor/controlsvc.go:399.3,399.21 1 0
github.com/ansible/receptor/pkg/workceptor/controlsvc.go:399.21,401.4 1 0
github.com/ansible/receptor/pkg/workceptor/controlsvc.go:401.9,403.4 1 0
github.com/ansible/receptor/pkg/workceptor/controlsvc.go:405.3,405.18 1 0
github.com/ansible/receptor/pkg/workceptor/controlsvc.go:406.17,408.17 2 0
github.com/ansible/receptor/pkg/workceptor/controlsvc.go:408.17,410.4 1 0
github.com/ansible/receptor/pkg/workceptor/controlsvc.go:411.3,412.17 2 0
github.com/ansible/receptor/pkg/workceptor/controlsvc.go:412.17,414.4 1 0
github.com/ansible/receptor/pkg/workceptor/controlsvc.go:415.3,416.17 2 0
github.com/ansible/receptor/pkg/workceptor/controlsvc.go:416.17,418.4 1 0
github.com/ansible/receptor/pkg/workceptor/controlsvc.go:419.3,420.17 2 0
github.com/ansible/receptor/pkg/workceptor/controlsvc.go:420.17,422.4 1 0
github.com/ansible/receptor/pkg/workceptor/controlsvc.go:423.3,426.17 4 0
github.com/ansible/receptor/pkg/workceptor/controlsvc.go:426.17,428.4 1 0
github.com/ansible/receptor/pkg/workceptor/controlsvc.go:430.3,431.17 2 0
github.com/ansible/receptor/pkg/workceptor/controlsvc.go:431.17,433.4 1 0
github.com/ansible/receptor/pkg/workceptor/controlsvc.go:434.3,435.17 2 0
github.com/ansible/receptor/pkg/workceptor/controlsvc.go:435.17,437.4 1 0
github.com/ansible/receptor/pkg/workceptor/controlsvc.go:439.3,440.17 2 0
github.com/ansible/receptor/pkg/workceptor/controlsvc.go:440.17,442.4 1 0
github.com/ansible/receptor/pkg/workceptor/controlsvc.go:444.3,444.18 1 0
github.com/ansible/receptor/pkg/workceptor/controlsvc.go:447.2,447.39 1 0
github.com/ansible/receptor/pkg/workceptor/kubernetes.go:95.114,97.2 1 1
github.com/ansible/receptor/pkg/workceptor/kubernetes.go:99.83,101.2 1 1
github.com/ansible/receptor/pkg/workceptor/kubernetes.go:103.86,105.2 1 1
github.com/ansible/receptor/pkg/workceptor/kubernetes.go:107.140,109.2 1 1
github.com/ansible/receptor/pkg/workceptor/kubernetes.go:111.160,113.2 1 1
github.com/ansible/receptor/pkg/workceptor/kubernetes.go:115.170,117.2 1 1
github.com/ansible/receptor/pkg/workceptor/kubernetes.go:119.153,121.2 1 1
github.com/ansible/receptor/pkg/workceptor/kubernetes.go:123.154,125.2 1 1
github.com/ansible/receptor/pkg/workceptor/kubernetes.go:127.151,129.2 1 1
github.com/ansible/receptor/pkg/workceptor/kubernetes.go:131.122,133.2 1 1
github.com/ansible/receptor/pkg/workceptor/kubernetes.go:135.66,137.2 1 1
github.com/ansible/receptor/pkg/workceptor/kubernetes.go:139.99,141.2 1 1
github.com/ansible/receptor/pkg/workceptor/kubernetes.go:143.110,145.2 1 1
github.com/ansible/receptor/pkg/workceptor/kubernetes.go:147.103,149.2 1 1
github.com/ansible/receptor/pkg/workceptor/kubernetes.go:151.124,153.2 1 1
github.com/ansible/receptor/pkg/workceptor/kubernetes.go:155.137,157.2 1 0
github.com/ansible/receptor/pkg/workceptor/kubernetes.go:159.205,161.2 1 0
github.com/ansible/receptor/pkg/workceptor/kubernetes.go:163.76,165.2 1 1
github.com/ansible/receptor/pkg/workceptor/kubernetes.go:167.77,169.2 1 1
github.com/ansible/receptor/pkg/workceptor/kubernetes.go:181.76,183.49 2 1
github.com/ansible/receptor/pkg/workceptor/kubernetes.go:183.49,184.34 1 0
github.com/ansible/receptor/pkg/workceptor/kubernetes.go:184.34,186.4 1 0
github.com/ansible/receptor/pkg/workceptor/kubernetes.go:187.3,187.46 1 0
github.com/ansible/receptor/pkg/workceptor/kubernetes.go:187.46,188.26 1 0
github.com/ansible/receptor/pkg/workceptor/kubernetes.go:189.26,190.31 1 0
github.com/ansible/receptor/pkg/workceptor/kubernetes.go:191.29,192.34 1 0
github.com/ansible/receptor/pkg/workceptor/kubernetes.go:193.46,195.26 2 0
github.com/ansible/receptor/pkg/workceptor/kubernetes.go:195.26,197.6 1 0
github.com/ansible/receptor/pkg/workceptor/kubernetes.go:198.5,198.31 1 0
github.com/ansible/receptor/pkg/workceptor/kubernetes.go:198.31,200.52 1 0
github.com/ansible/receptor/pkg/workceptor/kubernetes.go:200.52,202.7 1 0
github.com/ansible/receptor/pkg/workceptor/kubernetes.go:203.6,204.53 1 0
github.com/ansible/receptor/pkg/workceptor/kubernetes.go:204.53,206.31 2 0
github.com/ansible/receptor/pkg/workceptor/kubernetes.go:206.31,207.44 1 0
github.com/ansible/receptor/pkg/workceptor/kubernetes.go:207.44,208.67 1 0
github.com/ansible/receptor/pkg/workceptor/kubernetes.go:208.67,209.42 1 0
github.com/ansible/receptor/pkg/workceptor/kubernetes.go:209.42,211.11 1 0
github.com/ansible/receptor/pkg/workceptor/kubernetes.go:212.10,212.35 1 0
github.com/ansible/receptor/pkg/workceptor/kubernetes.go:221.3,221.20 1 0
github.com/ansible/receptor/pkg/workceptor/kubernetes.go:224.2,224.14 1 1
github.com/ansible/receptor/pkg/workceptor/kubernetes.go:227.48,232.22 3 1
github.com/ansible/receptor/pkg/workceptor/kubernetes.go:232.22,235.45 3 1
github.com/ansible/receptor/pkg/workceptor/kubernetes.go:235.45,239.4 2 1
github.com/ansible/receptor/pkg/workceptor/kubernetes.go:241.2,243.29 2 1
github.com/ansible/receptor/pkg/workceptor/kubernetes.go:246.111,255.16 6 1
github.com/ansible/receptor/pkg/workceptor/kubernetes.go:255.16,258.3 2 1
github.com/ansible/receptor/pkg/workceptor/kubernetes.go:260.2,262.43 2 1
github.com/ansible/receptor/pkg/workceptor/kubernetes.go:262.43,264.17 2 1
github.com/ansible/receptor/pkg/workceptor/kubernetes.go:264.17,265.9 1 1
github.com/ansible/receptor/pkg/workceptor/kubernetes.go:267.3,274.71 2 1
github.com/ansible/receptor/pkg/workceptor/kubernetes.go:276.2,276.16 1 1
github.com/ansible/receptor/pkg/workceptor/kubernetes.go:276.16,282.3 4 1
github.com/ansible/receptor/pkg/workceptor/kubernetes.go:284.2,284.23 1 1
github.com/ansible/receptor/pkg/workceptor/kubernetes.go:287.112,296.16 5 0
github.com/ansible/receptor/pkg/workceptor/kubernetes.go:296.16,298.3 1 0
github.com/ansible/receptor/pkg/workceptor/kubernetes.go:300.2,301.23 2 0
github.com/ansible/receptor/pkg/workceptor/kubernetes.go:301.23,308.3 1 0
github.com/ansible/receptor/pkg/workceptor/kubernetes.go:311.131,323.6 9 1
github.com/ansible/receptor/pkg/workceptor/kubernetes.go:323.6,324.23 1 1
github.com/ansible/receptor/pkg/workceptor/kubernetes.go:324.23,327.4 1 1
github.com/ansible/receptor/pkg/workceptor/kubernetes.go:330.3,330.44 1 1
github.com/ansible/receptor/pkg/workceptor/kubernetes.go:330.44,332.18 2 1
github.com/ansible/receptor/pkg/workceptor/kubernetes.go:332.18,333.10 1 1
github.com/ansible/receptor/pkg/workceptor/kubernetes.go:335.4,342.27 2 1
github.com/ansible/receptor/pkg/workceptor/kubernetes.go:344.3,344.17 1 1
github.com/ansible/receptor/pkg/workceptor/kubernetes.go:344.17,351.4 4 1
github.com/ansible/receptor/pkg/workceptor/kubernetes.go:353.3,354.17 2 1
github.com/ansible/receptor/pkg/workceptor/kubernetes.go:354.17,357.4 1 1
github.com/ansible/receptor/pkg/workceptor/kubernetes.go:360.3,361.24 2 1
github.com/ansible/receptor/pkg/workceptor/kubernetes.go:361.24,363.18 2 1
github.com/ansible/receptor/pkg/workceptor/kubernetes.go:363.18,364.50 1 1
github.com/ansible/receptor/pkg/workceptor/kubernetes.go:364.50,372.6 2 1
github.com/ansible/receptor/pkg/workceptor/kubernetes.go:374.5,376.23 3 1
github.com/ansible/receptor/pkg/workceptor/kubernetes.go:376.23,378.6 1 0
github.com/ansible/receptor/pkg/workceptor/kubernetes.go:379.5,379.60 1 1
github.com/ansible/receptor/pkg/workceptor/kubernetes.go:379.60,380.87 1 1
github.com/ansible/receptor/pkg/workceptor/kubernetes.go:380.87,382.7 1 1
github.com/ansible/receptor/pkg/workceptor/kubernetes.go:385.5,385.44 1 1
github.com/ansible/receptor/pkg/workceptor/kubernetes.go:385.44,386.20 1 1
github.com/ansible/receptor/pkg/workceptor/kubernetes.go:386.20,388.20 2 1
github.com/ansible/receptor/pkg/workceptor/kubernetes.go:388.20,390.22 2 1
github.com/ansible/receptor/pkg/workceptor/kubernetes.go:390.22,395.9 3 0
github.com/ansible/receptor/pkg/workceptor/kubernetes.go:398.6,403.12 2 1
github.com/ansible/receptor/pkg/workceptor/kubernetes.go:406.5,416.29 4 1
github.com/ansible/receptor/pkg/workceptor/kubernetes.go:416.29,419.11 2 1
github.com/ansible/receptor/pkg/workceptor/kubernetes.go:422.5,428.22 2 1
github.com/ansible/receptor/pkg/workceptor/kubernetes.go:428.22,430.6 1 0
github.com/ansible/receptor/pkg/workceptor/kubernetes.go:430.11,430.43 1 1
github.com/ansible/receptor/pkg/workceptor/kubernetes.go:430.43,432.19 2 1
github.com/ansible/receptor/pkg/workceptor/kubernetes.go:432.19,434.21 2 1
github.com/ansible/receptor/pkg/workceptor/kubernetes.go:434.21,439.8 3 0
github.com/ansible/receptor/pkg/workceptor/kubernetes.go:443.5,443.11 1 1
github.com/ansible/receptor/pkg/workceptor/kubernetes.go:446.4,448.18 3 1
github.com/ansible/receptor/pkg/workceptor/kubernetes.go:448.18,449.13 1 0
github.com/ansible/receptor/pkg/workceptor/kubernetes.go:452.4,453.18 2 1
github.com/ansible/receptor/pkg/workceptor/kubernetes.go:453.18,458.5 3 0
github.com/ansible/receptor/pkg/workceptor/kubernetes.go:459.4,460.26 2 1
github.com/ansible/receptor/pkg/workceptor/kubernetes.go:462.3,462.20 1 1
github.com/ansible/receptor/pkg/workceptor/kubernetes.go:466.60,469.16 3 1
github.com/ansible/receptor/pkg/workceptor/kubernetes.go:469.16,471.3 1 0
github.com/ansible/receptor/pkg/workceptor/kubernetes.go:472.2,473.16 2 1
github.com/ansible/receptor/pkg/workceptor/kubernetes.go:473.16,475.3 1 0
github.com/ansible/receptor/pkg/workceptor/kubernetes.go:477.2,480.23 4 1
github.com/ansible/receptor/pkg/workceptor/kubernetes.go:480.23,483.17 3 0
github.com/ansible/receptor/pkg/workceptor/kubernetes.go:483.17,485.4 1 0
github.com/ansible/receptor/pkg/workceptor/kubernetes.go:486.3,488.34 3 0
github.com/ansible/receptor/pkg/workceptor/kubernetes.go:488.34,489.43 1 0
github.com/ansible/receptor/pkg/workceptor/kubernetes.go:489.43,494.10 4 0
github.com/ansible/receptor/pkg/workceptor/kubernetes.go:497.3,497.19 1 0
github.com/ansible/receptor/pkg/workceptor/kubernetes.go:497.19,499.4 1 0
github.com/ansible/receptor/pkg/workceptor/kubernetes.go:500.3,502.26 3 0
github.com/ansible/receptor/pkg/workceptor/kubernetes.go:502.26,504.4 1 0
github.com/ansible/receptor/pkg/workceptor/kubernetes.go:505.3,506.24 2 0
github.com/ansible/receptor/pkg/workceptor/kubernetes.go:506.24,508.4 1 0
github.com/ansible/receptor/pkg/workceptor/kubernetes.go:509.3,512.43 4 0
github.com/ansible/receptor/pkg/workceptor/kubernetes.go:513.8,530.3 2 1
github.com/ansible/receptor/pkg/workceptor/kubernetes.go:532.2,537.16 2 1
github.com/ansible/receptor/pkg/workceptor/kubernetes.go:537.16,539.25 2 0
github.com/ansible/receptor/pkg/workceptor/kubernetes.go:539.25,544.4 1 0
github.com/ansible/receptor/pkg/workceptor/kubernetes.go:545.3,545.35 1 0
github.com/ansible/receptor/pkg/workceptor/kubernetes.go:549.2,550.16 2 1
github.com/ansible/receptor/pkg/workceptor/kubernetes.go:550.16,552.3 1 0
github.com/ansible/receptor/pkg/workceptor/kubernetes.go:554.2,554.9 1 1
github.com/ansible/receptor/pkg/workceptor/kubernetes.go:555.32,556.33 1 0
github.com/ansible/receptor/pkg/workceptor/kubernetes.go:557.10,557.10 0 1
github.com/ansible/receptor/pkg/workceptor/kubernetes.go:560.2,560.51 1 1
github.com/ansible/receptor/pkg/workceptor/kubernetes.go:560.51,565.3 4 0
github.com/ansible/receptor/pkg/workceptor/kubernetes.go:568.2,570.70 2 1
github.com/ansible/receptor/pkg/workceptor/kubernetes.go:570.70,574.4 2 0
github.com/ansible/receptor/pkg/workceptor/kubernetes.go:575.72,579.4 2 0
github.com/ansible/receptor/pkg/workceptor/kubernetes.go:582.2,583.46 2 1
github.com/ansible/receptor/pkg/workceptor/kubernetes.go:583.46,587.3 3 0
github.com/ansible/receptor/pkg/workceptor/kubernetes.go:589.2,591.35 3 1
github.com/ansible/receptor/pkg/workceptor/kubernetes.go:591.35,593.3 1 0
github.com/ansible/receptor/pkg/workceptor/kubernetes.go:595.2,597.9 3 1
github.com/ansible/receptor/pkg/workceptor/kubernetes.go:597.9,599.3 1 0
github.com/ansible/receptor/pkg/workceptor/kubernetes.go:601.2,601.28 1 1
github.com/ansible/receptor/pkg/workceptor/kubernetes.go:601.28,603.57 1 0
github.com/ansible/receptor/pkg/workceptor/kubernetes.go:603.57,604.30 1 0
github.com/ansible/receptor/pkg/workceptor/kubernetes.go:604.30,605.78 1 0
github.com/ansible/receptor/pkg/workceptor/kubernetes.go:605.78,607.6 1 0
github.com/ansible/receptor/pkg/workceptor/kubernetes.go:609.5,609.10 1 0
github.com/ansible/receptor/pkg/workceptor/kubernetes.go:613.3,613.13 1 0
github.com/ansible/receptor/pkg/workceptor/kubernetes.go:614.8,614.23 1 1
github.com/ansible/receptor/pkg/workceptor/kubernetes.go:614.23,616.18 2 0
github.com/ansible/receptor/pkg/workceptor/kubernetes.go:616.18,622.4 4 0
github.com/ansible/receptor/pkg/workceptor/kubernetes.go:623.3,629.48 7 0
github.com/ansible/receptor/pkg/workceptor/kubernetes.go:629.48,630.63 1 0
github.com/ansible/receptor/pkg/workceptor/kubernetes.go:630.63,632.5 1 0
github.com/ansible/receptor/pkg/workceptor/kubernetes.go:634.4,634.58 1 0
github.com/ansible/receptor/pkg/workceptor/kubernetes.go:634.58,635.31 1 0
github.com/ansible/receptor/pkg/workceptor/kubernetes.go:635.31,636.36 1 0
github.com/ansible/receptor/pkg/workceptor/kubernetes.go:636.36,638.7 1 0
github.com/ansible/receptor/pkg/workceptor/kubernetes.go:640.6,640.79 1 0
github.com/ansible/receptor/pkg/workceptor/kubernetes.go:640.79,642.7 1 0
github.com/ansible/receptor/pkg/workceptor/kubernetes.go:644.6,644.11 1 0
github.com/ansible/receptor/pkg/workceptor/kubernetes.go:649.3,649.13 1 0
github.com/ansible/receptor/pkg/workceptor/kubernetes.go:652.2,652.12 1 1
github.com/ansible/receptor/pkg/workceptor/kubernetes.go:655.42,664.19 6 1
github.com/ansible/receptor/pkg/workceptor/kubernetes.go:664.19,667.43 1 1
github.com/ansible/receptor/pkg/workceptor/kubernetes.go:667.43,668.30 1 0
github.com/ansible/receptor/pkg/workceptor/kubernetes.go:668.30,674.5 4 0
github.com/ansible/receptor/pkg/workceptor/kubernetes.go:675.9,678.4 1 1
github.com/ansible/receptor/pkg/workceptor/kubernetes.go:680.3,681.34 2 1
github.com/ansible/receptor/pkg/workceptor/kubernetes.go:682.8,683.25 1 0
github.com/ansible/receptor/pkg/workceptor/kubernetes.go:683.25,691.4 4 0
github.com/ansible/receptor/pkg/workceptor/kubernetes.go:694.3,695.44 2 0
github.com/ansible/receptor/pkg/workceptor/kubernetes.go:695.44,697.11 1 0
github.com/ansible/receptor/pkg/workceptor/kubernetes.go:698.34,702.11 3 0
github.com/ansible/receptor/pkg/workceptor/kubernetes.go:703.12,703.12 0 0
github.com/ansible/receptor/pkg/workceptor/kubernetes.go:706.4,707.18 2 0
github.com/ansible/receptor/pkg/workceptor/kubernetes.go:707.18,708.10 1 0
github.com/ansible/receptor/pkg/workceptor/kubernetes.go:710.4,717.38 2 0
github.com/ansible/receptor/pkg/workceptor/kubernetes.go:719.3,719.17 1 0
github.com/ansible/receptor/pkg/workceptor/kubernetes.go:719.17,725.4 4 0
github.com/ansible/receptor/pkg/workceptor/kubernetes.go:729.2,730.16 2 1
github.com/ansible/receptor/pkg/workceptor/kubernetes.go:730.16,745.17 5 1
github.com/ansible/receptor/pkg/workceptor/kubernetes.go:745.17,750.4 3 0
github.com/ansible/receptor/pkg/workceptor/kubernetes.go:753.2,766.16 7 1
github.com/ansible/receptor/pkg/workceptor/kubernetes.go:766.16,769.17 3 1
github.com/ansible/receptor/pkg/workceptor/kubernetes.go:769.17,770.39 1 1
github.com/ansible/receptor/pkg/workceptor/kubernetes.go:770.39,772.5 1 0
github.com/ansible/receptor/pkg/workceptor/kubernetes.go:772.10,778.5 4 1
github.com/ansible/receptor/pkg/workceptor/kubernetes.go:779.9,781.14 1 0
github.com/ansible/receptor/pkg/workceptor/kubernetes.go:781.14,782.12 1 0
github.com/ansible/receptor/pkg/workceptor/kubernetes.go:783.35,786.12 2 0
github.com/ansible/receptor/pkg/workceptor/kubernetes.go:787.25,787.25 0 0
github.com/ansible/receptor/pkg/workceptor/kubernetes.go:788.25,789.12 1 0
github.com/ansible/receptor/pkg/workceptor/kubernetes.go:796.2,797.16 2 0
github.com/ansible/receptor/pkg/workceptor/kubernetes.go:797.16,803.3 4 0
github.com/ansible/receptor/pkg/workceptor/kubernetes.go:806.2,806.12 1 0
github.com/ansible/receptor/pkg/workceptor/kubernetes.go:806.12,807.10 1 0
github.com/ansible/receptor/pkg/workceptor/kubernetes.go:808.33,811.10 2 0
github.com/ansible/receptor/pkg/workceptor/kubernetes.go:812.23,815.10 2 0
github.com/ansible/receptor/pkg/workceptor/kubernetes.go:816.23,817.10 1 0
github.com/ansible/receptor/pkg/workceptor/kubernetes.go:821.2,824.15 3 0
github.com/ansible/receptor/pkg/workceptor/kubernetes.go:824.15,827.3 2 0
github.com/ansible/receptor/pkg/workceptor/kubernetes.go:827.8,828.13 1 0
github.com/ansible/receptor/pkg/workceptor/kubernetes.go:828.13,831.53 2 0
github.com/ansible/receptor/pkg/workceptor/kubernetes.go:831.53,834.5 2 0
github.com/ansible/receptor/pkg/workceptor/kubernetes.go:836.4,837.45 2 0
github.com/ansible/receptor/pkg/workceptor/kubernetes.go:837.45,842.19 2 0
github.com/ansible/receptor/pkg/workceptor/kubernetes.go:842.19,852.6 2 0
github.com/ansible/receptor/pkg/workceptor/kubernetes.go:852.11,853.11 1 0
github.com/ansible/receptor/pkg/workceptor/kubernetes.go:857.4,857.18 1 0
github.com/ansible/receptor/pkg/workceptor/kubernetes.go:857.18,869.5 5 0
github.com/ansible/receptor/pkg/workceptor/kubernetes.go:869.10,870.32 1 0
github.com/ansible/receptor/pkg/workceptor/kubernetes.go:870.32,872.6 1 0
github.com/ansible/receptor/pkg/workceptor/kubernetes.go:872.11,880.6 5 0
github.com/ansible/receptor/pkg/workceptor/kubernetes.go:885.2,886.45 2 0
github.com/ansible/receptor/pkg/workceptor/kubernetes.go:886.45,889.3 2 0
github.com/ansible/receptor/pkg/workceptor/kubernetes.go:889.8,892.3 2 0
github.com/ansible/receptor/pkg/workceptor/kubernetes.go:894.2,896.41 2 0
github.com/ansible/receptor/pkg/workceptor/kubernetes.go:896.41,898.10 2 0
github.com/ansible/receptor/pkg/workceptor/kubernetes.go:899.24,900.69 1 0
github.com/ansible/receptor/pkg/workceptor/kubernetes.go:901.25,903.67 1 0
github.com/ansible/receptor/pkg/workceptor/kubernetes.go:904.11,905.92 1 0
github.com/ansible/receptor/pkg/workceptor/kubernetes.go:908.3,908.48 1 0
github.com/ansible/receptor/pkg/workceptor/kubernetes.go:908.48,910.4 1 0
github.com/ansible/receptor/pkg/workceptor/kubernetes.go:912.3,912.9 1 0
github.com/ansible/receptor/pkg/workceptor/kubernetes.go:916.2,916.88 1 0
github.com/ansible/receptor/pkg/workceptor/kubernetes.go:916.88,918.3 1 0
github.com/ansible/receptor/pkg/workceptor/kubernetes.go:921.60,923.16 2 1
github.com/ansible/receptor/pkg/workceptor/kubernetes.go:923.16,927.3 2 1
github.com/ansible/receptor/pkg/workceptor/kubernetes.go:930.2,940.9 3 1
github.com/ansible/receptor/pkg/workceptor/kubernetes.go:941.28,942.29 1 1
github.com/ansible/receptor/pkg/workceptor/kubernetes.go:943.28,944.28 1 1
github.com/ansible/receptor/pkg/workceptor/kubernetes.go:945.28,946.28 1 1
github.com/ansible/receptor/pkg/workceptor/kubernetes.go:947.27,948.73 1 1
github.com/ansible/receptor/pkg/workceptor/kubernetes.go:949.10,950.76 1 1
github.com/ansible/receptor/pkg/workceptor/kubernetes.go:953.2,953.62 1 1
github.com/ansible/receptor/pkg/workceptor/kubernetes.go:953.62,957.3 2 1
github.com/ansible/receptor/pkg/workceptor/kubernetes.go:959.2,961.14 2 1
github.com/ansible/receptor/pkg/workceptor/kubernetes.go:964.44,973.17 4 1
github.com/ansible/receptor/pkg/workceptor/kubernetes.go:974.9,976.16 2 0
github.com/ansible/receptor/pkg/workceptor/kubernetes.go:976.16,978.4 1 0
github.com/ansible/receptor/pkg/workceptor/kubernetes.go:979.10,980.60 1 1
github.com/ansible/receptor/pkg/workceptor/kubernetes.go:982.2,982.8 1 1
github.com/ansible/receptor/pkg/workceptor/kubernetes.go:982.8,983.14 1 1
github.com/ansible/receptor/pkg/workceptor/kubernetes.go:984.18,985.15 1 1
github.com/ansible/receptor/pkg/workceptor/kubernetes.go:986.19,987.16 1 1
github.com/ansible/receptor/pkg/workceptor/kubernetes.go:988.15,989.15 1 1
github.com/ansible/receptor/pkg/workceptor/kubernetes.go:990.11,991.16 1 1
github.com/ansible/receptor/pkg/workceptor/kubernetes.go:995.2,996.16 2 0
github.com/ansible/receptor/pkg/workceptor/kubernetes.go:996.16,1000.3 2 0
github.com/ansible/receptor/pkg/workceptor/kubernetes.go:1002.2,1002.52 1 0
github.com/ansible/receptor/pkg/workceptor/kubernetes.go:1005.37,1007.16 2 1
github.com/ansible/receptor/pkg/workceptor/kubernetes.go:1007.16,1009.3 1 1
github.com/ansible/receptor/pkg/workceptor/kubernetes.go:1011.2,1012.16 2 1
github.com/ansible/receptor/pkg/workceptor/kubernetes.go:1012.16,1014.3 1 0
github.com/ansible/receptor/pkg/workceptor/kubernetes.go:1016.2,1016.12 1 1
github.com/ansible/receptor/pkg/workceptor/kubernetes.go:1019.44,1021.16 2 0
github.com/ansible/receptor/pkg/workceptor/kubernetes.go:1021.16,1023.3 1 0
github.com/ansible/receptor/pkg/workceptor/kubernetes.go:1024.2,1024.22 1 0
github.com/ansible/receptor/pkg/workceptor/kubernetes.go:1024.22,1026.67 2 0
github.com/ansible/receptor/pkg/workceptor/kubernetes.go:1026.67,1028.34 2 0
github.com/ansible/receptor/pkg/workceptor/kubernetes.go:1028.34,1029.24 1 0
github.com/ansible/receptor/pkg/workceptor/kubernetes.go:1029.24,1032.12 3 0
github.com/ansible/receptor/pkg/workceptor/kubernetes.go:1032.12,1033.54 1 0
github.com/ansible/receptor/pkg/workceptor/kubernetes.go:1033.54,1035.8 1 0
github.com/ansible/receptor/pkg/workceptor/kubernetes.go:1042.2,1042.60 1 0
github.com/ansible/receptor/pkg/workceptor/kubernetes.go:1045.39,1054.16 6 0
github.com/ansible/receptor/pkg/workceptor/kubernetes.go:1054.16,1056.3 1 0
github.com/ansible/receptor/pkg/workceptor/kubernetes.go:1057.2,1057.22 1 0
github.com/ansible/receptor/pkg/workceptor/kubernetes.go:1057.22,1059.3 1 0
github.com/ansible/receptor/pkg/workceptor/kubernetes.go:1060.2,1061.16 2 0
github.com/ansible/receptor/pkg/workceptor/kubernetes.go:1061.16,1063.3 1 0
github.com/ansible/receptor/pkg/workceptor/kubernetes.go:1064.2,1064.16 1 0
github.com/ansible/receptor/pkg/workceptor/kubernetes.go:1064.16,1070.3 4 0
github.com/ansible/receptor/pkg/workceptor/kubernetes.go:1073.2,1074.12 2 0
github.com/ansible/receptor/pkg/workceptor/kubernetes.go:1074.12,1077.19 3 0
github.com/ansible/receptor/pkg/workceptor/kubernetes.go:1077.19,1084.4 5 0
github.com/ansible/receptor/pkg/workceptor/kubernetes.go:1085.3,1085.23 1 0
github.com/ansible/receptor/pkg/workceptor/kubernetes.go:1085.23,1087.4 1 0
github.com/ansible/receptor/pkg/workceptor/kubernetes.go:1088.3,1089.17 2 0
github.com/ansible/receptor/pkg/workceptor/kubernetes.go:1089.17,1092.11 3 0
github.com/ansible/receptor/pkg/workceptor/kubernetes.go:1092.11,1094.5 1 0
github.com/ansible/receptor/pkg/workceptor/kubernetes.go:1096.3,1096.17 1 0
github.com/ansible/receptor/pkg/workceptor/kubernetes.go:1096.17,1103.4 5 0
github.com/ansible/receptor/pkg/workceptor/kubernetes.go:1104.3,1104.22 1 0
github.com/ansible/receptor/pkg/workceptor/kubernetes.go:1108.2,1109.16 2 0
github.com/ansible/receptor/pkg/workceptor/kubernetes.go:1109.16,1116.3 5 0
github.com/ansible/receptor/pkg/workceptor/kubernetes.go:1119.2,1120.9 2 0
github.com/ansible/receptor/pkg/workceptor/kubernetes.go:1121.20,1122.9 1 0
github.com/ansible/receptor/pkg/workceptor/kubernetes.go:1123.25,1123.25 0 0
github.com/ansible/receptor/pkg/workceptor/kubernetes.go:1127.2,1129.16 3 0
github.com/ansible/receptor/pkg/workceptor/kubernetes.go:1129.16,1136.3 5 0
github.com/ansible/receptor/pkg/workceptor/kubernetes.go:1139.2,1140.16 2 0
github.com/ansible/receptor/pkg/workceptor/kubernetes.go:1140.16,1147.3 5 0
github.com/ansible/receptor/pkg/workceptor/kubernetes.go:1149.2,1152.12 2 0
github.com/ansible/receptor/pkg/workceptor/kubernetes.go:1152.12,1154.23 2 0
github.com/ansible/receptor/pkg/workceptor/kubernetes.go:1154.23,1156.4 1 0
github.com/ansible/receptor/pkg/workceptor/kubernetes.go:1157.3,1158.19 2 0
github.com/ansible/receptor/pkg/workceptor/kubernetes.go:1158.19,1165.4 5 0
github.com/ansible/receptor/pkg/workceptor/kubernetes.go:1166.3,1166.17 1 0
github.com/ansible/receptor/pkg/workceptor/kubernetes.go:1166.17,1173.4 5 0
github.com/ansible/receptor/pkg/workceptor/kubernetes.go:1178.2,1178.12 1 0
github.com/ansible/receptor/pkg/workceptor/kubernetes.go:1178.12,1179.10 1 0
github.com/ansible/receptor/pkg/workceptor/kubernetes.go:1180.21,1181.10 1 0
github.com/ansible/receptor/pkg/workceptor/kubernetes.go:1182.23,1184.21 2 0
github.com/ansible/receptor/pkg/workceptor/kubernetes.go:1184.21,1186.5 1 0
github.com/ansible/receptor/pkg/workceptor/kubernetes.go:1186.10,1189.5 2 0
github.com/ansible/receptor/pkg/workceptor/kubernetes.go:1194.2,1195.22 2 0
github.com/ansible/receptor/pkg/workceptor/kubernetes.go:1195.22,1197.3 1 0
github.com/ansible/receptor/pkg/workceptor/kubernetes.go:1198.2,1198.16 1 0
github.com/ansible/receptor/pkg/workceptor/kubernetes.go:1198.16,1205.3 5 0
github.com/ansible/receptor/pkg/workceptor/kubernetes.go:1207.2,1207.22 1 0
github.com/ansible/receptor/pkg/workceptor/kubernetes.go:1207.22,1209.3 1 0
github.com/ansible/receptor/pkg/workceptor/kubernetes.go:1212.52,1215.26 3 0
github.com/ansible/receptor/pkg/workceptor/kubernetes.go:1215.26,1218.30 3 0
github.com/ansible/receptor/pkg/workceptor/kubernetes.go:1218.30,1220.18 2 0
github.com/ansible/receptor/pkg/workceptor/kubernetes.go:1220.18,1222.5 1 0
github.com/ansible/receptor/pkg/workceptor/kubernetes.go:1223.4,1224.31 2 0
github.com/ansible/receptor/pkg/workceptor/kubernetes.go:1224.31,1225.51 1 0
github.com/ansible/receptor/pkg/workceptor/kubernetes.go:1225.51,1227.6 1 0
github.com/ansible/receptor/pkg/workceptor/kubernetes.go:1228.10,1230.5 1 0
github.com/ansible/receptor/pkg/workceptor/kubernetes.go:1232.8,1234.17 2 0
github.com/ansible/receptor/pkg/workceptor/kubernetes.go:1234.17,1236.4 1 0
github.com/ansible/receptor/pkg/workceptor/kubernetes.go:1237.3,1237.30 1 0
github.com/ansible/receptor/pkg/workceptor/kubernetes.go:1237.30,1239.18 2 0
github.com/ansible/receptor/pkg/workceptor/kubernetes.go:1239.18,1241.5 1 0
github.com/ansible/receptor/pkg/workceptor/kubernetes.go:1242.4,1242.50 1 0
github.com/ansible/receptor/pkg/workceptor/kubernetes.go:1242.50,1244.5 1 0
github.com/ansible/receptor/pkg/workceptor/kubernetes.go:1246.3,1247.17 2 0
github.com/ansible/receptor/pkg/workceptor/kubernetes.go:1247.17,1249.4 1 0
github.com/ansible/receptor/pkg/workceptor/kubernetes.go:1251.2,1251.16 1 0
github.com/ansible/receptor/pkg/workceptor/kubernetes.go:1251.16,1253.3 1 0
github.com/ansible/receptor/pkg/workceptor/kubernetes.go:1255.2,1255.12 1 0
github.com/ansible/receptor/pkg/workceptor/kubernetes.go:1258.51,1261.16 3 1
github.com/ansible/receptor/pkg/workceptor/kubernetes.go:1261.16,1263.3 1 0
github.com/ansible/receptor/pkg/workceptor/kubernetes.go:1265.2,1265.12 1 1
github.com/ansible/receptor/pkg/workceptor/kubernetes.go:1268.43,1270.9 2 1
github.com/ansible/receptor/pkg/workceptor/kubernetes.go:1271.67,1272.36 1 0
github.com/ansible/receptor/pkg/workceptor/kubernetes.go:1273.36,1274.35 1 1
github.com/ansible/receptor/pkg/workceptor/kubernetes.go:1275.10,1276.61 1 0
github.com/ansible/receptor/pkg/workceptor/kubernetes.go:1278.2,1278.16 1 1
github.com/ansible/receptor/pkg/workceptor/kubernetes.go:1278.16,1280.3 1 0
github.com/ansible/receptor/pkg/workceptor/kubernetes.go:1282.2,1290.17 6 1
github.com/ansible/receptor/pkg/workceptor/kubernetes.go:1291.9,1293.19 2 0
github.com/ansible/receptor/pkg/workceptor/kubernetes.go:1293.19,1295.4 1 0
github.com/ansible/receptor/pkg/workceptor/kubernetes.go:1296.10,1297.59 1 1
github.com/ansible/receptor/pkg/workceptor/kubernetes.go:1299.2,1299.8 1 1
github.com/ansible/receptor/pkg/workceptor/kubernetes.go:1299.8,1301.17 2 0
github.com/ansible/receptor/pkg/workceptor/kubernetes.go:1301.17,1304.4 1 0
github.com/ansible/receptor/pkg/workceptor/kubernetes.go:1304.9,1307.4 2 0
github.com/ansible/receptor/pkg/workceptor/kubernetes.go:1310.2,1315.17 3 1
github.com/ansible/receptor/pkg/workceptor/kubernetes.go:1316.9,1318.21 2 0
github.com/ansible/receptor/pkg/workceptor/kubernetes.go:1318.21,1320.4 1 0
github.com/ansible/receptor/pkg/workceptor/kubernetes.go:1321.10,1322.63 1 1
github.com/ansible/receptor/pkg/workceptor/kubernetes.go:1324.2,1324.8 1 1
github.com/ansible/receptor/pkg/workceptor/kubernetes.go:1324.8,1326.17 2 0
github.com/ansible/receptor/pkg/workceptor/kubernetes.go:1326.17,1328.4 1 0
github.com/ansible/receptor/pkg/workceptor/kubernetes.go:1328.9,1330.4 1 0
github.com/ansible/receptor/pkg/workceptor/kubernetes.go:1333.2,1340.17 4 1
github.com/ansible/receptor/pkg/workceptor/kubernetes.go:1341.9,1343.27 2 0
github.com/ansible/receptor/pkg/workceptor/kubernetes.go:1343.27,1345.4 1 0
github.com/ansible/receptor/pkg/workceptor/kubernetes.go:1346.10,1347.76 1 1
github.com/ansible/receptor/pkg/workceptor/kubernetes.go:1349.2,1349.8 1 1
github.com/ansible/receptor/pkg/workceptor/kubernetes.go:1349.8,1350.25 1 0
github.com/ansible/receptor/pkg/workceptor/kubernetes.go:1351.16,1352.79 1 0
github.com/ansible/receptor/pkg/workceptor/kubernetes.go:1353.17,1354.80 1 0
github.com/ansible/receptor/pkg/workceptor/kubernetes.go:1355.11,1355.11 0 0
github.com/ansible/receptor/pkg/workceptor/kubernetes.go:1357.3,1357.77 1 0
github.com/ansible/receptor/pkg/workceptor/kubernetes.go:1360.2,1362.16 3 1
github.com/ansible/receptor/pkg/workceptor/kubernetes.go:1362.16,1364.3 1 0
github.com/ansible/receptor/pkg/workceptor/kubernetes.go:1366.2,1366.12 1 1
github.com/ansible/receptor/pkg/workceptor/kubernetes.go:1371.56,1373.20 1 1
github.com/ansible/receptor/pkg/workceptor/kubernetes.go:1373.20,1375.3 1 1
github.com/ansible/receptor/pkg/workceptor/kubernetes.go:1376.2,1377.16 2 1
github.com/ansible/receptor/pkg/workceptor/kubernetes.go:1377.16,1379.3 1 1
github.com/ansible/receptor/pkg/workceptor/kubernetes.go:1381.2,1381.29 1 1
github.com/ansible/receptor/pkg/workceptor/kubernetes.go:1385.67,1392.55 3 1
github.com/ansible/receptor/pkg/workceptor/kubernetes.go:1392.55,1393.35 1 1
github.com/ansible/receptor/pkg/workceptor/kubernetes.go:1393.35,1397.4 2 1
github.com/ansible/receptor/pkg/workceptor/kubernetes.go:1399.3,1399.13 1 1
github.com/ansible/receptor/pkg/workceptor/kubernetes.go:1401.2,1403.16 3 1
github.com/ansible/receptor/pkg/workceptor/kubernetes.go:1403.16,1405.3 1 0
github.com/ansible/receptor/pkg/workceptor/kubernetes.go:1406.2,1407.16 2 1
github.com/ansible/receptor/pkg/workceptor/kubernetes.go:1407.16,1409.3 1 0
github.com/ansible/receptor/pkg/workceptor/kubernetes.go:1410.2,1424.24 7 1
github.com/ansible/receptor/pkg/workceptor/kubernetes.go:1424.24,1427.24 3 1
github.com/ansible/receptor/pkg/workceptor/kubernetes.go:1427.24,1428.21 1 1
github.com/ansible/receptor/pkg/workceptor/kubernetes.go:1428.21,1430.5 1 1
github.com/ansible/receptor/pkg/workceptor/kubernetes.go:1431.4,1432.18 2 1
github.com/ansible/receptor/pkg/workceptor/kubernetes.go:1432.18,1434.5 1 0
github.com/ansible/receptor/pkg/workceptor/kubernetes.go:1437.2,1437.56 1 1
github.com/ansible/receptor/pkg/workceptor/kubernetes.go:1437.56,1439.3 1 1
github.com/ansible/receptor/pkg/workceptor/kubernetes.go:1440.2,1440.81 1 1
github.com/ansible/receptor/pkg/workceptor/kubernetes.go:1440.81,1442.3 1 1
github.com/ansible/receptor/pkg/workceptor/kubernetes.go:1444.2,1444.35 1 1
github.com/ansible/receptor/pkg/workceptor/kubernetes.go:1444.35,1446.17 2 1
github.com/ansible/receptor/pkg/workceptor/kubernetes.go:1446.17,1450.4 2 1
github.com/ansible/receptor/pkg/workceptor/kubernetes.go:1451.3,1451.43 1 1
github.com/ansible/receptor/pkg/workceptor/kubernetes.go:1454.2,1454.23 1 1
github.com/ansible/receptor/pkg/workceptor/kubernetes.go:1454.23,1456.3 1 1
github.com/ansible/receptor/pkg/workceptor/kubernetes.go:1457.2,1457.21 1 1
github.com/ansible/receptor/pkg/workceptor/kubernetes.go:1457.21,1459.3 1 1
github.com/ansible/receptor/pkg/workceptor/kubernetes.go:1460.2,1460.19 1 1
github.com/ansible/receptor/pkg/workceptor/kubernetes.go:1460.19,1465.3 4 0
github.com/ansible/receptor/pkg/workceptor/kubernetes.go:1465.8,1467.3 1 1
github.com/ansible/receptor/pkg/workceptor/kubernetes.go:1469.2,1469.12 1 1
github.com/ansible/receptor/pkg/workceptor/kubernetes.go:1473.46,1476.8 3 1
github.com/ansible/receptor/pkg/workceptor/kubernetes.go:1476.8,1479.3 2 1
github.com/ansible/receptor/pkg/workceptor/kubernetes.go:1481.2,1481.15 1 1
github.com/ansible/receptor/pkg/workceptor/kubernetes.go:1485.67,1487.2 1 1
github.com/ansible/receptor/pkg/workceptor/kubernetes.go:1490.56,1494.8 4 1
github.com/ansible/receptor/pkg/workceptor/kubernetes.go:1494.8,1497.3 2 1
github.com/ansible/receptor/pkg/workceptor/kubernetes.go:1498.2,1500.15 2 1
github.com/ansible/receptor/pkg/workceptor/kubernetes.go:1504.44,1506.43 1 1
github.com/ansible/receptor/pkg/workceptor/kubernetes.go:1506.43,1508.3 1 0
github.com/ansible/receptor/pkg/workceptor/kubernetes.go:1510.2,1510.30 1 1
github.com/ansible/receptor/pkg/workceptor/kubernetes.go:1510.30,1512.3 1 0
github.com/ansible/receptor/pkg/workceptor/kubernetes.go:1512.8,1514.3 1 1
github.com/ansible/receptor/pkg/workceptor/kubernetes.go:1515.2,1517.12 2 1
github.com/ansible/receptor/pkg/workceptor/kubernetes.go:1521.37,1524.30 3 1
github.com/ansible/receptor/pkg/workceptor/kubernetes.go:1524.30,1526.3 1 1
github.com/ansible/receptor/pkg/workceptor/kubernetes.go:1527.2,1528.48 2 1
github.com/ansible/receptor/pkg/workceptor/kubernetes.go:1528.48,1530.3 1 0
github.com/ansible/receptor/pkg/workceptor/kubernetes.go:1532.2,1532.27 1 1
github.com/ansible/receptor/pkg/workceptor/kubernetes.go:1532.27,1534.17 2 0
github.com/ansible/receptor/pkg/workceptor/kubernetes.go:1534.17,1536.4 1 0
github.com/ansible/receptor/pkg/workceptor/kubernetes.go:1536.9,1538.18 2 0
github.com/ansible/receptor/pkg/workceptor/kubernetes.go:1538.18,1540.5 1 0
github.com/ansible/receptor/pkg/workceptor/kubernetes.go:1543.2,1543.11 1 1
github.com/ansible/receptor/pkg/workceptor/kubernetes.go:1543.11,1545.3 1 1
github.com/ansible/receptor/pkg/workceptor/kubernetes.go:1547.2,1547.77 1 0
github.com/ansible/receptor/pkg/workceptor/kubernetes.go:1551.35,1555.2 2 1
github.com/ansible/receptor/pkg/workceptor/kubernetes.go:1558.36,1561.19 3 1
github.com/ansible/receptor/pkg/workceptor/kubernetes.go:1561.19,1563.17 2 1
github.com/ansible/receptor/pkg/workceptor/kubernetes.go:1563.17,1565.4 1 1
github.com/ansible/receptor/pkg/workceptor/kubernetes.go:1567.2,1567.27 1 1
github.com/ansible/receptor/pkg/workceptor/kubernetes.go:1567.27,1569.3 1 1
github.com/ansible/receptor/pkg/workceptor/kubernetes.go:1571.2,1571.12 1 1
github.com/ansible/receptor/pkg/workceptor/kubernetes.go:1575.47,1577.26 2 1
github.com/ansible/receptor/pkg/workceptor/kubernetes.go:1577.26,1579.3 1 0
github.com/ansible/receptor/pkg/workceptor/kubernetes.go:1581.2,1581.50 1 1
github.com/ansible/receptor/pkg/workceptor/kubernetes.go:1585.146,1591.22 5 1
github.com/ansible/receptor/pkg/workceptor/kubernetes.go:1591.22,1592.54 1 1
github.com/ansible/receptor/pkg/workceptor/kubernetes.go:1592.54,1594.4 1 1
github.com/ansible/receptor/pkg/workceptor/kubernetes.go:1595.3,1596.21 2 1
github.com/ansible/receptor/pkg/workceptor/kubernetes.go:1596.21,1598.4 1 1
github.com/ansible/receptor/pkg/workceptor/kubernetes.go:1598.9,1600.4 1 1
github.com/ansible/receptor/pkg/workceptor/kubernetes.go:1601.8,1603.3 1 1
github.com/ansible/receptor/pkg/workceptor/kubernetes.go:1605.2,1605.33 1 1
github.com/ansible/receptor/pkg/workceptor/kubernetes.go:1632.121,1634.2 1 0
github.com/ansible/receptor/pkg/workceptor/kubernetes.go:1636.141,1638.16 2 1
github.com/ansible/receptor/pkg/workceptor/kubernetes.go:1638.16,1650.3 1 0
github.com/ansible/receptor/pkg/workceptor/kubernetes.go:1652.2,1652.17 1 1
github.com/ansible/receptor/pkg/workceptor/kubernetes.go:1652.17,1654.3 1 1
github.com/ansible/receptor/pkg/workceptor/kubernetes.go:1654.8,1656.3 1 0
github.com/ansible/receptor/pkg/workceptor/kubernetes.go:1658.2,1673.11 3 1
github.com/ansible/receptor/pkg/workceptor/kubernetes.go:1677.42,1679.76 2 0
github.com/ansible/receptor/pkg/workceptor/kubernetes.go:1679.76,1681.3 1 0
github.com/ansible/receptor/pkg/workceptor/kubernetes.go:1682.2,1682.78 1 0
github.com/ansible/receptor/pkg/workceptor/kubernetes.go:1682.78,1684.3 1 0
github.com/ansible/receptor/pkg/workceptor/kubernetes.go:1685.2,1685.26 1 0
github.com/ansible/receptor/pkg/workceptor/kubernetes.go:1685.26,1686.29 1 0
github.com/ansible/receptor/pkg/workceptor/kubernetes.go:1686.29,1688.4 1 0
github.com/ansible/receptor/pkg/workceptor/kubernetes.go:1689.3,1690.17 2 0
github.com/ansible/receptor/pkg/workceptor/kubernetes.go:1690.17,1692.4 1 0
github.com/ansible/receptor/pkg/workceptor/kubernetes.go:1694.2,1694.81 1 0
github.com/ansible/receptor/pkg/workceptor/kubernetes.go:1694.81,1696.3 1 0
github.com/ansible/receptor/pkg/workceptor/kubernetes.go:1697.2,1697.90 1 0
github.com/ansible/receptor/pkg/workceptor/kubernetes.go:1697.90,1699.3 1 0
github.com/ansible/receptor/pkg/workceptor/kubernetes.go:1700.2,1701.43 2 0
github.com/ansible/receptor/pkg/workceptor/kubernetes.go:1701.43,1703.3 1 0
github.com/ansible/receptor/pkg/workceptor/kubernetes.go:1705.2,1705.12 1 0
github.com/ansible/receptor/pkg/workceptor/kubernetes.go:1708.47,1710.2 1 0
github.com/ansible/receptor/pkg/workceptor/kubernetes.go:1712.52,1714.2 1 0
github.com/ansible/receptor/pkg/workceptor/kubernetes.go:1717.38,1721.2 2 0
github.com/ansible/receptor/pkg/workceptor/kubernetes.go:1723.13,1725.17 2 1
github.com/ansible/receptor/pkg/workceptor/kubernetes.go:1725.17,1727.3 1 0
github.com/ansible/receptor/pkg/workceptor/kubernetes.go:1728.2,1729.104 1 1
github.com/ansible/receptor/pkg/workceptor/python.go:25.125,34.2 1 1
github.com/ansible/receptor/pkg/workceptor/python.go:37.37,41.30 4 1
github.com/ansible/receptor/pkg/workceptor/python.go:41.30,43.3 1 1
github.com/ansible/receptor/pkg/workceptor/python.go:44.2,46.16 3 1
github.com/ansible/receptor/pkg/workceptor/python.go:46.16,48.3 1 1
github.com/ansible/receptor/pkg/workceptor/python.go:49.2,52.27 2 1
github.com/ansible/receptor/pkg/workceptor/python.go:68.119,84.2 3 1
github.com/ansible/receptor/pkg/workceptor/python.go:87.38,93.2 3 1
github.com/ansible/receptor/pkg/workceptor/python.go:95.13,97.17 2 1
github.com/ansible/receptor/pkg/workceptor/python.go:97.17,99.3 1 0
github.com/ansible/receptor/pkg/workceptor/python.go:100.2,101.233 1 1
github.com/ansible/receptor/pkg/workceptor/remote_work.go:48.93,51.9 3 1
github.com/ansible/receptor/pkg/workceptor/remote_work.go:51.9,53.3 1 1
github.com/ansible/receptor/pkg/workceptor/remote_work.go:54.2,55.16 2 0
github.com/ansible/receptor/pkg/workceptor/remote_work.go:55.16,57.3 1 0
github.com/ansible/receptor/pkg/workceptor/remote_work.go:58.2,59.16 2 0
github.com/ansible/receptor/pkg/workceptor/remote_work.go:59.16,61.3 1 0
github.com/ansible/receptor/pkg/workceptor/remote_work.go:62.2,67.16 5 0
github.com/ansible/receptor/pkg/workceptor/remote_work.go:67.16,71.3 2 0
github.com/ansible/receptor/pkg/workceptor/remote_work.go:72.2,72.46 1 0
github.com/ansible/receptor/pkg/workceptor/remote_work.go:72.46,77.3 2 0
github.com/ansible/receptor/pkg/workceptor/remote_work.go:79.2,79.26 1 0
github.com/ansible/receptor/pkg/workceptor/remote_work.go:83.84,85.6 2 0
github.com/ansible/receptor/pkg/workceptor/remote_work.go:85.6,87.17 2 0
github.com/ansible/receptor/pkg/workceptor/remote_work.go:87.17,89.4 1 0
github.com/ansible/receptor/pkg/workceptor/remote_work.go:90.3,93.47 3 0
github.com/ansible/receptor/pkg/workceptor/remote_work.go:93.47,95.53 2 0
github.com/ansible/receptor/pkg/workceptor/remote_work.go:95.53,97.59 2 0
github.com/ansible/receptor/pkg/workceptor/remote_work.go:97.59,100.6 2 0
github.com/ansible/receptor/pkg/workceptor/remote_work.go:102.4,102.18 1 0
github.com/ansible/receptor/pkg/workceptor/remote_work.go:102.18,104.5 1 0
github.com/ansible/receptor/pkg/workceptor/remote_work.go:106.3,106.10 1 0
github.com/ansible/receptor/pkg/workceptor/remote_work.go:107.21,108.19 1 0
github.com/ansible/receptor/pkg/workceptor/remote_work.go:109.37,109.37 0 0
github.com/ansible/receptor/pkg/workceptor/remote_work.go:115.83,117.16 2 0
github.com/ansible/receptor/pkg/workceptor/remote_work.go:117.16,119.3 1 0
github.com/ansible/receptor/pkg/workceptor/remote_work.go:121.2,121.34 1 0
github.com/ansible/receptor/pkg/workceptor/remote_work.go:127.125,128.19 1 0
github.com/ansible/receptor/pkg/workceptor/remote_work.go:128.19,130.17 2 0
github.com/ansible/receptor/pkg/workceptor/remote_work.go:130.17,132.4 1 0
github.com/ansible/receptor/pkg/workceptor/remote_work.go:132.9,132.51 1 0
github.com/ansible/receptor/pkg/workceptor/remote_work.go:132.51,134.4 1 0
github.com/ansible/receptor/pkg/workceptor/remote_work.go:136.2,136.12 1 0
github.com/ansible/receptor/pkg/workceptor/remote_work.go:136.12,138.18 2 0
github.com/ansible/receptor/pkg/workceptor/remote_work.go:138.18,140.18 2 0
github.com/ansible/receptor/pkg/workceptor/remote_work.go:140.18,142.5 1 0
github.com/ansible/receptor/pkg/workceptor/remote_work.go:143.9,145.4 1 0
github.com/ansible/receptor/pkg/workceptor/remote_work.go:148.2,148.19 1 0
github.com/ansible/receptor/pkg/workceptor/remote_work.go:152.103,156.37 4 0
github.com/ansible/receptor/pkg/workceptor/remote_work.go:156.37,158.3 1 0
github.com/ansible/receptor/pkg/workceptor/remote_work.go:159.2,165.18 7 0
github.com/ansible/receptor/pkg/workceptor/remote_work.go:165.18,167.17 2 0
github.com/ansible/receptor/pkg/workceptor/remote_work.go:167.17,169.4 1 0
github.com/ansible/receptor/pkg/workceptor/remote_work.go:170.3,170.41 1 0
github.com/ansible/receptor/pkg/workceptor/remote_work.go:172.2,173.16 2 0
github.com/ansible/receptor/pkg/workceptor/remote_work.go:173.16,175.3 1 0
github.com/ansible/receptor/pkg/workceptor/remote_work.go:176.2,177.16 2 0
github.com/ansible/receptor/pkg/workceptor/remote_work.go:177.16,179.3 1 0
github.com/ansible/receptor/pkg/workceptor/remote_work.go:180.2,180.16 1 0
github.com/ansible/receptor/pkg/workceptor/remote_work.go:180.16,182.3 1 0
github.com/ansible/receptor/pkg/workceptor/remote_work.go:183.2,184.16 2 0
github.com/ansible/receptor/pkg/workceptor/remote_work.go:184.16,186.3 1 0
github.com/ansible/receptor/pkg/workceptor/remote_work.go:187.2,189.37 3 0
github.com/ansible/receptor/pkg/workceptor/remote_work.go:189.37,191.3 1 0
github.com/ansible/receptor/pkg/workceptor/remote_work.go:192.2,193.51 2 0
github.com/ansible/receptor/pkg/workceptor/remote_work.go:193.51,196.3 2 0
github.com/ansible/receptor/pkg/workceptor/remote_work.go:197.2,198.16 2 0
github.com/ansible/receptor/pkg/workceptor/remote_work.go:198.16,200.3 1 0
github.com/ansible/receptor/pkg/workceptor/remote_work.go:201.2,201.15 1 0
github.com/ansible/receptor/pkg/workceptor/remote_work.go:201.15,203.17 2 0
github.com/ansible/receptor/pkg/workceptor/remote_work.go:203.17,205.4 1 0
github.com/ansible/receptor/pkg/workceptor/remote_work.go:207.2,208.16 2 0
github.com/ansible/receptor/pkg/workceptor/remote_work.go:208.16,210.3 1 0
github.com/ansible/receptor/pkg/workceptor/remote_work.go:211.2,212.16 2 0
github.com/ansible/receptor/pkg/workceptor/remote_work.go:212.16,214.3 1 0
github.com/ansible/receptor/pkg/workceptor/remote_work.go:215.2,216.16 2 0
github.com/ansible/receptor/pkg/workceptor/remote_work.go:216.16,218.3 1 0
github.com/ansible/receptor/pkg/workceptor/remote_work.go:219.2,221.18 3 0
github.com/ansible/receptor/pkg/workceptor/remote_work.go:221.18,223.3 1 0
github.com/ansible/receptor/pkg/workceptor/remote_work.go:224.2,224.51 1 0
github.com/ansible/receptor/pkg/workceptor/remote_work.go:224.51,227.3 2 0
github.com/ansible/receptor/pkg/workceptor/remote_work.go:229.2,229.12 1 0
github.com/ansible/receptor/pkg/workceptor/remote_work.go:235.9,239.13 4 0
github.com/ansible/receptor/pkg/workceptor/remote_work.go:239.13,241.3 1 0
github.com/ansible/receptor/pkg/workceptor/remote_work.go:241.8,243.3 1 0
github.com/ansible/receptor/pkg/workceptor/remote_work.go:244.2,248.18 5 0
github.com/ansible/receptor/pkg/workceptor/remote_work.go:248.18,250.17 2 0
github.com/ansible/receptor/pkg/workceptor/remote_work.go:250.17,252.4 1 0
github.com/ansible/receptor/pkg/workceptor/remote_work.go:253.3,253.41 1 0
github.com/ansible/receptor/pkg/workceptor/remote_work.go:255.2,256.16 2 0
github.com/ansible/receptor/pkg/workceptor/remote_work.go:256.16,258.3 1 0
github.com/ansible/receptor/pkg/workceptor/remote_work.go:259.2,261.16 3 0
github.com/ansible/receptor/pkg/workceptor/remote_work.go:261.16,263.3 1 0
github.com/ansible/receptor/pkg/workceptor/remote_work.go:264.2,265.16 2 0
github.com/ansible/receptor/pkg/workceptor/remote_work.go:265.16,267.3 1 0
github.com/ansible/receptor/pkg/workceptor/remote_work.go:268.2,268.29 1 0
github.com/ansible/receptor/pkg/workceptor/remote_work.go:268.29,270.3 1 0
github.com/ansible/receptor/pkg/workceptor/remote_work.go:272.2,272.12 1 0
github.com/ansible/receptor/pkg/workceptor/remote_work.go:276.82,277.15 1 0
github.com/ansible/receptor/pkg/workceptor/remote_work.go:277.15,280.3 2 0
github.com/ansible/receptor/pkg/workceptor/remote_work.go:281.2,283.9 3 0
github.com/ansible/receptor/pkg/workceptor/remote_work.go:283.9,287.3 2 0
github.com/ansible/receptor/pkg/workceptor/remote_work.go:288.2,291.15 4 0
github.com/ansible/receptor/pkg/workceptor/remote_work.go:291.15,292.18 1 0
github.com/ansible/receptor/pkg/workceptor/remote_work.go:292.18,294.4 1 0
github.com/ansible/receptor/pkg/workceptor/remote_work.go:296.2,296.17 1 0
github.com/ansible/receptor/pkg/workceptor/remote_work.go:296.17,298.3 1 0
github.com/ansible/receptor/pkg/workceptor/remote_work.go:299.2,300.6 2 0
github.com/ansible/receptor/pkg/workceptor/remote_work.go:300.6,301.18 1 0
github.com/ansible/receptor/pkg/workceptor/remote_work.go:301.18,303.19 2 0
github.com/ansible/receptor/pkg/workceptor/remote_work.go:303.19,305.5 1 0
github.com/ansible/receptor/pkg/workceptor/remote_work.go:307.3,308.17 2 0
github.com/ansible/receptor/pkg/workceptor/remote_work.go:308.17,311.19 3 0
github.com/ansible/receptor/pkg/workceptor/remote_work.go:311.19,313.5 1 0
github.com/ansible/receptor/pkg/workceptor/remote_work.go:314.4,316.12 2 0
github.com/ansible/receptor/pkg/workceptor/remote_work.go:318.3,319.17 2 0
github.com/ansible/receptor/pkg/workceptor/remote_work.go:319.17,322.19 3 0
github.com/ansible/receptor/pkg/workceptor/remote_work.go:322.19,324.5 1 0
github.com/ansible/receptor/pkg/workceptor/remote_work.go:325.4,327.12 2 0
github.com/ansible/receptor/pkg/workceptor/remote_work.go:329.3,329.28 1 0
github.com/ansible/receptor/pkg/workceptor/remote_work.go:329.28,330.53 1 0
github.com/ansible/receptor/pkg/workceptor/remote_work.go:330.53,331.20 1 0
github.com/ansible/receptor/pkg/workceptor/remote_work.go:331.20,333.55 2 0
github.com/ansible/receptor/pkg/workceptor/remote_work.go:333.55,336.7 2 0
github.com/ansible/receptor/pkg/workceptor/remote_work.go:339.5,339.11 1 0
github.com/ansible/receptor/pkg/workceptor/remote_work.go:341.4,343.10 2 0
github.com/ansible/receptor/pkg/workceptor/remote_work.go:345.3,347.17 3 0
github.com/ansible/receptor/pkg/workceptor/remote_work.go:347.17,351.4 2 0
github.com/ansible/receptor/pkg/workceptor/remote_work.go:352.3,353.34 2 0
github.com/ansible/receptor/pkg/workceptor/remote_work.go:353.34,355.31 2 0
github.com/ansible/receptor/pkg/workceptor/remote_work.go:355.31,359.5 2 0
github.com/ansible/receptor/pkg/workceptor/remote_work.go:360.9,362.4 1 0
github.com/ansible/receptor/pkg/workceptor/remote_work.go:363.3,363.44 1 0
github.com/ansible/receptor/pkg/workceptor/remote_work.go:363.44,365.4 1 0
github.com/ansible/receptor/pkg/workceptor/remote_work.go:370.65,371.15 1 0
github.com/ansible/receptor/pkg/workceptor/remote_work.go:371.15,374.3 2 0
github.com/ansible/receptor/pkg/workceptor/remote_work.go:375.2,378.9 4 0
github.com/ansible/receptor/pkg/workceptor/remote_work.go:378.9,382.3 2 0
github.com/ansible/receptor/pkg/workceptor/remote_work.go:383.2,386.16 4 0
github.com/ansible/receptor/pkg/workceptor/remote_work.go:386.16,388.3 1 0
github.com/ansible/receptor/pkg/workceptor/remote_work.go:389.2,389.16 1 0
github.com/ansible/receptor/pkg/workceptor/remote_work.go:389.16,393.3 2 0
github.com/ansible/receptor/pkg/workceptor/remote_work.go:394.2,394.6 1 0
github.com/ansible/receptor/pkg/workceptor/remote_work.go:394.6,395.16 1 0
github.com/ansible/receptor/pkg/workceptor/remote_work.go:395.16,397.23 2 0
github.com/ansible/receptor/pkg/workceptor/remote_work.go:397.23,399.5 1 0
github.com/ansible/receptor/pkg/workceptor/remote_work.go:400.9,400.51 1 0
github.com/ansible/receptor/pkg/workceptor/remote_work.go:400.51,402.4 1 0
github.com/ansible/receptor/pkg/workceptor/remote_work.go:403.3,404.17 2 0
github.com/ansible/receptor/pkg/workceptor/remote_work.go:404.17,408.4 2 0
github.com/ansible/receptor/pkg/workceptor/remote_work.go:409.3,412.69 4 0
github.com/ansible/receptor/pkg/workceptor/remote_work.go:412.69,414.4 1 0
github.com/ansible/receptor/pkg/workceptor/remote_work.go:414.9,414.47 1 0
github.com/ansible/receptor/pkg/workceptor/remote_work.go:414.47,416.17 2 0
github.com/ansible/receptor/pkg/workceptor/remote_work.go:416.17,417.20 1 0
github.com/ansible/receptor/pkg/workceptor/remote_work.go:417.20,419.21 2 0
github.com/ansible/receptor/pkg/workceptor/remote_work.go:419.21,421.7 1 0
github.com/ansible/receptor/pkg/workceptor/remote_work.go:424.4,424.19 1 0
github.com/ansible/receptor/pkg/workceptor/remote_work.go:424.19,426.5 1 0
github.com/ansible/receptor/pkg/workceptor/remote_work.go:427.4,432.20 6 0
github.com/ansible/receptor/pkg/workceptor/remote_work.go:432.20,434.19 2 0
github.com/ansible/receptor/pkg/workceptor/remote_work.go:434.19,438.6 2 0
github.com/ansible/receptor/pkg/workceptor/remote_work.go:439.5,439.43 1 0
github.com/ansible/receptor/pkg/workceptor/remote_work.go:441.4,442.18 2 0
github.com/ansible/receptor/pkg/workceptor/remote_work.go:442.18,446.5 2 0
github.com/ansible/receptor/pkg/workceptor/remote_work.go:447.4,449.18 3 0
github.com/ansible/receptor/pkg/workceptor/remote_work.go:449.18,452.13 2 0
github.com/ansible/receptor/pkg/workceptor/remote_work.go:454.4,455.18 2 0
github.com/ansible/receptor/pkg/workceptor/remote_work.go:455.18,458.13 2 0
github.com/ansible/receptor/pkg/workceptor/remote_work.go:460.4,460.54 1 0
github.com/ansible/receptor/pkg/workceptor/remote_work.go:460.54,463.13 2 0
github.com/ansible/receptor/pkg/workceptor/remote_work.go:465.4,466.18 2 0
github.com/ansible/receptor/pkg/workceptor/remote_work.go:466.18,470.5 2 0
github.com/ansible/receptor/pkg/workceptor/remote_work.go:471.4,471.17 1 0
github.com/ansible/receptor/pkg/workceptor/remote_work.go:471.17,473.19 2 0
github.com/ansible/receptor/pkg/workceptor/remote_work.go:473.19,475.6 1 0
github.com/ansible/receptor/pkg/workceptor/remote_work.go:477.4,478.14 2 0
github.com/ansible/receptor/pkg/workceptor/remote_work.go:478.14,479.12 1 0
github.com/ansible/receptor/pkg/workceptor/remote_work.go:480.21,481.12 1 0
github.com/ansible/receptor/pkg/workceptor/remote_work.go:482.22,484.12 2 0
github.com/ansible/receptor/pkg/workceptor/remote_work.go:484.12,486.7 1 0
github.com/ansible/receptor/pkg/workceptor/remote_work.go:487.6,488.21 2 0
github.com/ansible/receptor/pkg/workceptor/remote_work.go:488.21,490.7 1 0
github.com/ansible/receptor/pkg/workceptor/remote_work.go:492.6,492.12 1 0
github.com/ansible/receptor/pkg/workceptor/remote_work.go:495.4,497.18 3 0
github.com/ansible/receptor/pkg/workceptor/remote_work.go:497.18,499.57 2 0
github.com/ansible/receptor/pkg/workceptor/remote_work.go:499.57,501.6 1 0
github.com/ansible/receptor/pkg/workceptor/remote_work.go:501.11,503.6 1 0
github.com/ansible/receptor/pkg/workceptor/remote_work.go:504.5,506.13 2 0
github.com/ansible/receptor/pkg/workceptor/remote_work.go:513.79,515.16 2 0
github.com/ansible/receptor/pkg/workceptor/remote_work.go:515.16,518.3 2 0
github.com/ansible/receptor/pkg/workceptor/remote_work.go:518.8,522.3 3 0
github.com/ansible/receptor/pkg/workceptor/remote_work.go:523.2,523.14 1 0
github.com/ansible/receptor/pkg/workceptor/remote_work.go:527.69,528.27 1 1
github.com/ansible/receptor/pkg/workceptor/remote_work.go:528.27,530.3 1 1
github.com/ansible/receptor/pkg/workceptor/remote_work.go:532.2,532.12 1 1
github.com/ansible/receptor/pkg/workceptor/remote_work.go:536.48,539.8 3 1
github.com/ansible/receptor/pkg/workceptor/remote_work.go:539.8,541.34 2 1
github.com/ansible/receptor/pkg/workceptor/remote_work.go:541.34,542.56 1 1
github.com/ansible/receptor/pkg/workceptor/remote_work.go:542.56,544.5 1 1
github.com/ansible/receptor/pkg/workceptor/remote_work.go:546.3,546.31 1 1
github.com/ansible/receptor/pkg/workceptor/remote_work.go:546.31,548.4 1 1
github.com/ansible/receptor/pkg/workceptor/remote_work.go:551.2,551.15 1 1
github.com/ansible/receptor/pkg/workceptor/remote_work.go:555.58,559.8 4 1
github.com/ansible/receptor/pkg/workceptor/remote_work.go:559.8,562.37 3 1
github.com/ansible/receptor/pkg/workceptor/remote_work.go:562.37,564.4 1 1
github.com/ansible/receptor/pkg/workceptor/remote_work.go:565.3,565.29 1 1
github.com/ansible/receptor/pkg/workceptor/remote_work.go:567.2,569.15 2 1
github.com/ansible/receptor/pkg/workceptor/remote_work.go:573.101,574.111 1 0
github.com/ansible/receptor/pkg/workceptor/remote_work.go:574.111,576.17 2 0
github.com/ansible/receptor/pkg/workceptor/remote_work.go:576.17,580.4 2 0
github.com/ansible/receptor/pkg/workceptor/remote_work.go:581.3,581.13 1 0
github.com/ansible/receptor/pkg/workceptor/remote_work.go:581.13,583.18 2 0
github.com/ansible/receptor/pkg/workceptor/remote_work.go:583.18,585.19 2 0
github.com/ansible/receptor/pkg/workceptor/remote_work.go:585.19,587.6 1 0
github.com/ansible/receptor/pkg/workceptor/remote_work.go:589.4,589.19 1 0
github.com/ansible/receptor/pkg/workceptor/remote_work.go:592.3,592.13 1 0
github.com/ansible/receptor/pkg/workceptor/remote_work.go:593.12,595.3 1 0
github.com/ansible/receptor/pkg/workceptor/remote_work.go:598.59,601.9 3 0
github.com/ansible/receptor/pkg/workceptor/remote_work.go:602.19,602.19 0 0
github.com/ansible/receptor/pkg/workceptor/remote_work.go:603.25,605.25 2 0
github.com/ansible/receptor/pkg/workceptor/remote_work.go:605.25,606.53 1 0
github.com/ansible/receptor/pkg/workceptor/remote_work.go:606.53,609.5 2 0
github.com/ansible/receptor/pkg/workceptor/remote_work.go:610.4,610.15 1 0
github.com/ansible/receptor/pkg/workceptor/remote_work.go:616.56,618.32 2 1
github.com/ansible/receptor/pkg/workceptor/remote_work.go:618.32,620.3 1 1
github.com/ansible/receptor/pkg/workceptor/remote_work.go:621.2,622.20 2 0
github.com/ansible/receptor/pkg/workceptor/remote_work.go:622.20,624.3 1 0
github.com/ansible/receptor/pkg/workceptor/remote_work.go:625.2,625.33 1 0
github.com/ansible/receptor/pkg/workceptor/remote_work.go:625.33,626.31 1 0
github.com/ansible/receptor/pkg/workceptor/remote_work.go:626.31,628.4 1 0
github.com/ansible/receptor/pkg/workceptor/remote_work.go:630.3,630.63 1 0
github.com/ansible/receptor/pkg/workceptor/remote_work.go:631.8,631.52 1 0
github.com/ansible/receptor/pkg/workceptor/remote_work.go:631.52,632.112 1 0
github.com/ansible/receptor/pkg/workceptor/remote_work.go:632.112,634.4 1 0
github.com/ansible/receptor/pkg/workceptor/remote_work.go:636.2,636.12 1 0
github.com/ansible/receptor/pkg/workceptor/remote_work.go:636.12,639.3 2 0
github.com/ansible/receptor/pkg/workceptor/remote_work.go:641.2,641.12 1 0
github.com/ansible/receptor/pkg/workceptor/remote_work.go:646.37,648.2 1 1
github.com/ansible/receptor/pkg/workceptor/remote_work.go:651.39,653.23 2 1
github.com/ansible/receptor/pkg/workceptor/remote_work.go:653.23,655.3 1 0
github.com/ansible/receptor/pkg/workceptor/remote_work.go:657.2,657.61 1 1
github.com/ansible/receptor/pkg/workceptor/remote_work.go:661.71,664.51 2 1
github.com/ansible/receptor/pkg/workceptor/remote_work.go:664.51,666.14 2 1
github.com/ansible/receptor/pkg/workceptor/remote_work.go:666.14,668.4 1 1
github.com/ansible/receptor/pkg/workceptor/remote_work.go:669.3,669.68 1 1
github.com/ansible/receptor/pkg/workceptor/remote_work.go:672.2,672.20 1 1
github.com/ansible/receptor/pkg/workceptor/remote_work.go:672.20,675.14 3 1
github.com/ansible/receptor/pkg/workceptor/remote_work.go:675.14,677.4 1 1
github.com/ansible/receptor/pkg/workceptor/remote_work.go:678.3,680.13 2 1
github.com/ansible/receptor/pkg/workceptor/remote_work.go:682.2,682.22 1 0
github.com/ansible/receptor/pkg/workceptor/remote_work.go:682.22,683.120 1 0
github.com/ansible/receptor/pkg/workceptor/remote_work.go:683.120,685.4 1 0
github.com/ansible/receptor/pkg/workceptor/remote_work.go:686.3,686.17 1 0
github.com/ansible/receptor/pkg/workceptor/remote_work.go:686.17,688.4 1 0
github.com/ansible/receptor/pkg/workceptor/remote_work.go:690.3,690.50 1 0
github.com/ansible/receptor/pkg/workceptor/remote_work.go:692.2,694.114 2 0
github.com/ansible/receptor/pkg/workceptor/remote_work.go:694.114,696.3 1 0
github.com/ansible/receptor/pkg/workceptor/remote_work.go:700.38,702.2 1 1
github.com/ansible/receptor/pkg/workceptor/remote_work.go:705.49,707.2 1 1
github.com/ansible/receptor/pkg/workceptor/remote_work.go:709.100,711.2 1 1
github.com/ansible/receptor/pkg/workceptor/remote_work.go:713.100,714.16 1 1
github.com/ansible/receptor/pkg/workceptor/remote_work.go:714.16,716.3 1 1
github.com/ansible/receptor/pkg/workceptor/remote_work.go:717.2,727.11 7 1
github.com/ansible/receptor/pkg/workceptor/stdio_utils.go:28.87,30.2 1 0
github.com/ansible/receptor/pkg/workceptor/stdio_utils.go:33.58,35.2 1 1
github.com/ansible/receptor/pkg/workceptor/stdio_utils.go:38.55,40.2 1 0
github.com/ansible/receptor/pkg/workceptor/stdio_utils.go:43.48,45.2 1 1
github.com/ansible/receptor/pkg/workceptor/stdio_utils.go:58.61,62.74 3 1
github.com/ansible/receptor/pkg/workceptor/stdio_utils.go:62.74,64.3 1 1
github.com/ansible/receptor/pkg/workceptor/stdio_utils.go:75.78,77.16 2 1
github.com/ansible/receptor/pkg/workceptor/stdio_utils.go:77.16,79.3 1 1
github.com/ansible/receptor/pkg/workceptor/stdio_utils.go:81.2,85.8 1 1
github.com/ansible/receptor/pkg/workceptor/stdio_utils.go:89.60,92.12 3 1
github.com/ansible/receptor/pkg/workceptor/stdio_utils.go:92.12,95.3 2 1
github.com/ansible/receptor/pkg/workceptor/stdio_utils.go:96.2,96.17 1 1
github.com/ansible/receptor/pkg/workceptor/stdio_utils.go:96.17,98.3 1 1
github.com/ansible/receptor/pkg/workceptor/stdio_utils.go:100.2,100.17 1 1
github.com/ansible/receptor/pkg/workceptor/stdio_utils.go:104.38,106.2 1 1
[...]
github.com/ansible/receptor/pkg/workceptor/workceptor.go:205.16,207.3 1 0
github.com/ansible/receptor/pkg/workceptor/workceptor.go:209.2,209.25 1 0
github.com/ansible/receptor/pkg/workceptor/workceptor.go:212.81,215.26 1 1
github.com/ansible/receptor/pkg/workceptor/workceptor.go:215.26,217.3 1 1
github.com/ansible/receptor/pkg/workceptor/workceptor.go:218.2,221.30 4 1
github.com/ansible/receptor/pkg/workceptor/workceptor.go:221.30,223.3 1 0
github.com/ansible/receptor/pkg/workceptor/workceptor.go:225.2,225.14 1 1
github.com/ansible/receptor/pkg/workceptor/workceptor.go:228.62,229.21 1 1
github.com/ansible/receptor/pkg/workceptor/workceptor.go:229.21,231.3 1 1
github.com/ansible/receptor/pkg/workceptor/workceptor.go:232.2,232.26 1 1
github.com/ansible/receptor/pkg/workceptor/workceptor.go:232.26,234.3 1 1
github.com/ansible/receptor/pkg/workceptor/workceptor.go:235.2,236.16 2 1
github.com/ansible/receptor/pkg/workceptor/workceptor.go:236.16,238.3 1 1
github.com/ansible/receptor/pkg/workceptor/workceptor.go:239.2,239.116 1 1
github.com/ansible/receptor/pkg/workceptor/workceptor.go:239.116,241.3 1 0
github.com/ansible/receptor/pkg/workceptor/workceptor.go:242.2,242.16 1 1
github.com/ansible/receptor/pkg/workceptor/workceptor.go:242.16,244.3 1 1
github.com/ansible/receptor/pkg/workceptor/workceptor.go:245.2,245.18 1 0
github.com/ansible/receptor/pkg/workceptor/workceptor.go:245.18,247.3 1 0
github.com/ansible/receptor/pkg/workceptor/workceptor.go:248.2,250.9 3 0
github.com/ansible/receptor/pkg/workceptor/workceptor.go:250.9,252.3 1 0
github.com/ansible/receptor/pkg/workceptor/workceptor.go:254.2,254.12 1 0
github.com/ansible/receptor/pkg/workceptor/workceptor.go:258.119,262.9 4 1
github.com/ansible/receptor/pkg/workceptor/workceptor.go:262.9,264.3 1 1
github.com/ansible/receptor/pkg/workceptor/workceptor.go:265.2,268.16 4 1
github.com/ansible/receptor/pkg/workceptor/workceptor.go:268.16,270.3 1 0
github.com/ansible/receptor/pkg/workceptor/workceptor.go:271.2,273.16 3 1
github.com/ansible/receptor/pkg/workceptor/workceptor.go:273.16,275.3 1 1
github.com/ansible/receptor/pkg/workceptor/workceptor.go:276.2,276.16 1 1
github.com/ansible/receptor/pkg/workceptor/workceptor.go:276.16,278.3 1 1
github.com/ansible/receptor/pkg/workceptor/workceptor.go:279.2,281.20 2 1
github.com/ansible/receptor/pkg/workceptor/workceptor.go:285.170,286.21 1 1
github.com/ansible/receptor/pkg/workceptor/workceptor.go:286.21,288.17 2 1
github.com/ansible/receptor/pkg/workceptor/workceptor.go:288.17,290.4 1 1
github.com/ansible/receptor/pkg/workceptor/workceptor.go:292.2,293.24 2 1
github.com/ansible/receptor/pkg/workceptor/workceptor.go:293.24,294.55 1 1
github.com/ansible/receptor/pkg/workceptor/workceptor.go:294.55,297.9 2 1
github.com/ansible/receptor/pkg/workceptor/workceptor.go:300.2,300.35 1 1
github.com/ansible/receptor/pkg/workceptor/workceptor.go:300.35,302.3 1 1
github.com/ansible/receptor/pkg/workceptor/workceptor.go:303.2,304.16 2 1
github.com/ansible/receptor/pkg/workceptor/workceptor.go:304.16,306.3 1 0
github.com/ansible/receptor/pkg/workceptor/workceptor.go:307.2,308.15 2 1
github.com/ansible/receptor/pkg/workceptor/workceptor.go:308.15,310.17 2 1
github.com/ansible/receptor/pkg/workceptor/workceptor.go:310.17,314.4 2 1
github.com/ansible/receptor/pkg/workceptor/workceptor.go:315.3,315.49 1 1
github.com/ansible/receptor/pkg/workceptor/workceptor.go:315.49,317.4 1 1
github.com/ansible/receptor/pkg/workceptor/workceptor.go:318.3,318.40 1 1
github.com/ansible/receptor/pkg/workceptor/workceptor.go:319.8,321.3 1 0
github.com/ansible/receptor/pkg/workceptor/workceptor.go:322.2,322.51 1 1
github.com/ansible/receptor/pkg/workceptor/workceptor.go:322.51,329.3 6 1
github.com/ansible/receptor/pkg/workceptor/workceptor.go:330.2,330.33 1 1
github.com/ansible/receptor/pkg/workceptor/workceptor.go:330.33,332.3 1 0
github.com/ansible/receptor/pkg/workceptor/workceptor.go:334.2,334.16 1 1
github.com/ansible/receptor/pkg/workceptor/workceptor.go:337.49,340.30 3 1
github.com/ansible/receptor/pkg/workceptor/workceptor.go:340.30,344.3 2 1
github.com/ansible/receptor/pkg/workceptor/workceptor.go:345.2,349.9 5 1
github.com/ansible/receptor/pkg/workceptor/workceptor.go:349.9,353.18 4 1
github.com/ansible/receptor/pkg/workceptor/workceptor.go:353.18,355.4 1 1
github.com/ansible/receptor/pkg/workceptor/workceptor.go:356.3,360.9 5 1
github.com/ansible/receptor/pkg/workceptor/workceptor.go:360.9,362.4 1 1
github.com/ansible/receptor/pkg/workceptor/workceptor.go:362.9,364.4 1 1
github.com/ansible/receptor/pkg/workceptor/workceptor.go:365.3,365.60 1 1
github.com/ansible/receptor/pkg/workceptor/workceptor.go:365.60,369.4 2 1
github.com/ansible/receptor/pkg/workceptor/workceptor.go:370.3,371.17 2 1
github.com/ansible/receptor/pkg/workceptor/workceptor.go:371.17,374.4 2 0
github.com/ansible/receptor/pkg/workceptor/workceptor.go:375.3,376.36 2 1
github.com/ansible/receptor/pkg/workceptor/workceptor.go:376.36,379.4 2 1
github.com/ansible/receptor/pkg/workceptor/workceptor.go:380.3,382.32 3 1
github.com/ansible/receptor/pkg/workceptor/workceptor.go:386.37,388.16 2 1
github.com/ansible/receptor/pkg/workceptor/workceptor.go:388.16,390.3 1 1
github.com/ansible/receptor/pkg/workceptor/workceptor.go:391.2,391.23 1 1
github.com/ansible/receptor/pkg/workceptor/workceptor.go:391.23,394.3 2 1
github.com/ansible/receptor/pkg/workceptor/workceptor.go:397.64,401.8 4 1
github.com/ansible/receptor/pkg/workceptor/workceptor.go:401.8,403.3 1 1
github.com/ansible/receptor/pkg/workceptor/workceptor.go:405.2,407.9 3 0
github.com/ansible/receptor/pkg/workceptor/workceptor.go:407.9,409.3 1 0
github.com/ansible/receptor/pkg/workceptor/workceptor.go:411.2,411.18 1 0
github.com/ansible/receptor/pkg/workceptor/workceptor.go:415.53,417.16 2 0
github.com/ansible/receptor/pkg/workceptor/workceptor.go:417.16,419.3 1 0
github.com/ansible/receptor/pkg/workceptor/workceptor.go:421.2,421.21 1 0
github.com/ansible/receptor/pkg/workceptor/workceptor.go:425.50,429.32 4 1
github.com/ansible/receptor/pkg/workceptor/workceptor.go:429.32,431.3 1 1
github.com/ansible/receptor/pkg/workceptor/workceptor.go:433.2,433.15 1 1
github.com/ansible/receptor/pkg/workceptor/workceptor.go:437.73,439.16 2 1
github.com/ansible/receptor/pkg/workceptor/workceptor.go:439.16,441.3 1 0
github.com/ansible/receptor/pkg/workceptor/workceptor.go:443.2,443.27 1 1
github.com/ansible/receptor/pkg/workceptor/workceptor.go:447.54,449.16 2 1
github.com/ansible/receptor/pkg/workceptor/workceptor.go:449.16,451.3 1 0
github.com/ansible/receptor/pkg/workceptor/workceptor.go:453.2,453.22 1 1
github.com/ansible/receptor/pkg/workceptor/workceptor.go:457.67,459.16 2 1
github.com/ansible/receptor/pkg/workceptor/workceptor.go:459.16,461.3 1 0
github.com/ansible/receptor/pkg/workceptor/workceptor.go:463.2,463.28 1 1
github.com/ansible/receptor/pkg/workceptor/workceptor.go:467.86,469.16 2 0
github.com/ansible/receptor/pkg/workceptor/workceptor.go:469.16,471.3 1 0
github.com/ansible/receptor/pkg/workceptor/workceptor.go:472.2,475.36 4 0
github.com/ansible/receptor/pkg/workceptor/workceptor.go:475.36,477.3 1 0
github.com/ansible/receptor/pkg/workceptor/workceptor.go:478.2,480.20 2 0
github.com/ansible/receptor/pkg/workceptor/workceptor.go:484.73,485.9 1 0
github.com/ansible/receptor/pkg/workceptor/workceptor.go:486.18,487.14 1 0
github.com/ansible/receptor/pkg/workceptor/workceptor.go:488.30,489.15 1 0
github.com/ansible/receptor/pkg/workceptor/workceptor.go:494.106,496.16 2 0
github.com/ansible/receptor/pkg/workceptor/workceptor.go:496.16,498.3 1 0
github.com/ansible/receptor/pkg/workceptor/workceptor.go:499.2,501.24 3 0
github.com/ansible/receptor/pkg/workceptor/workceptor.go:501.24,502.23 1 0
github.com/ansible/receptor/pkg/workceptor/workceptor.go:502.23,504.4 1 0
github.com/ansible/receptor/pkg/workceptor/workceptor.go:506.2,510.12 5 0
github.com/ansible/receptor/pkg/workceptor/workceptor.go:510.12,511.16 1 0
github.com/ansible/receptor/pkg/workceptor/workceptor.go:511.16,513.18 2 0
github.com/ansible/receptor/pkg/workceptor/workceptor.go:513.18,515.5 1 0
github.com/ansible/receptor/pkg/workceptor/workceptor.go:516.4,517.12 2 0
github.com/ansible/receptor/pkg/workceptor/workceptor.go:521.3,521.7 1 0
github.com/ansible/receptor/pkg/workceptor/workceptor.go:521.7,523.11 2 0
github.com/ansible/receptor/pkg/workceptor/workceptor.go:524.20,524.20 0 0
github.com/ansible/receptor/pkg/workceptor/workceptor.go:525.28,526.40 1 0
github.com/ansible/receptor/pkg/workceptor/workceptor.go:526.40,530.6 2 0
github.com/ansible/receptor/pkg/workceptor/workceptor.go:531.5,531.54 1 0
github.com/ansible/receptor/pkg/workceptor/workceptor.go:531.54,533.6 1 0
github.com/ansible/receptor/pkg/workceptor/workceptor.go:535.5,535.13 1 0
github.com/ansible/receptor/pkg/workceptor/workceptor.go:536.12,539.11 2 0
github.com/ansible/receptor/pkg/workceptor/workceptor.go:542.4,542.9 1 0
github.com/ansible/receptor/pkg/workceptor/workceptor.go:544.3,546.13 3 0
github.com/ansible/receptor/pkg/workceptor/workceptor.go:546.13,548.8 2 0
github.com/ansible/receptor/pkg/workceptor/workceptor.go:548.8,549.12 1 0
github.com/ansible/receptor/pkg/workceptor/workceptor.go:550.28,551.12 1 0
github.com/ansible/receptor/pkg/workceptor/workceptor.go:552.40,554.28 2 0
github.com/ansible/receptor/pkg/workceptor/workceptor.go:554.28,556.23 2 0
github.com/ansible/receptor/pkg/workceptor/workceptor.go:556.23,561.8 3 0
github.com/ansible/receptor/pkg/workceptor/workceptor.go:562.12,564.7 1 0
github.com/ansible/receptor/pkg/workceptor/workceptor.go:568.3,568.7 1 0
github.com/ansible/receptor/pkg/workceptor/workceptor.go:568.7,569.53 1 0
github.com/ansible/receptor/pkg/workceptor/workceptor.go:569.53,571.5 1 0
github.com/ansible/receptor/pkg/workceptor/workceptor.go:572.4,572.8 1 0
github.com/ansible/receptor/pkg/workceptor/workceptor.go:572.8,573.12 1 0
github.com/ansible/receptor/pkg/workceptor/workceptor.go:574.23,575.12 1 0
github.com/ansible/receptor/pkg/workceptor/workceptor.go:576.21,577.12 1 0
github.com/ansible/receptor/pkg/workceptor/workceptor.go:578.13,581.20 3 0
github.com/ansible/receptor/pkg/workceptor/workceptor.go:581.20,585.7 2 0
github.com/ansible/receptor/pkg/workceptor/workceptor.go:586.6,586.27 1 0
github.com/ansible/receptor/pkg/workceptor/workceptor.go:586.27,590.7 2 0
github.com/ansible/receptor/pkg/workceptor/workceptor.go:591.6,594.15 4 0
github.com/ansible/receptor/pkg/workceptor/workceptor.go:594.15,596.14 2 0
github.com/ansible/receptor/pkg/workceptor/workceptor.go:597.25,598.14 1 0
github.com/ansible/receptor/pkg/workceptor/workceptor.go:599.34,599.34 0 0
github.com/ansible/receptor/pkg/workceptor/workceptor.go:603.5,603.19 1 0
github.com/ansible/receptor/pkg/workceptor/workceptor.go:603.19,604.11 1 0
github.com/ansible/receptor/pkg/workceptor/workceptor.go:607.4,607.21 1 0
github.com/ansible/receptor/pkg/workceptor/workceptor.go:607.21,609.73 2 0
github.com/ansible/receptor/pkg/workceptor/workceptor.go:609.73,613.6 2 0
github.com/ansible/receptor/pkg/workceptor/workceptor.go:614.10,614.25 1 0
github.com/ansible/receptor/pkg/workceptor/workceptor.go:614.25,618.5 2 0
github.com/ansible/receptor/pkg/workceptor/workceptor.go:622.2,622.24 1 0
github.com/ansible/receptor/pkg/workceptor/workunitbase.go:36.37,38.2 1 1
github.com/ansible/receptor/pkg/workceptor/workunitbase.go:41.46,42.19 1 1
github.com/ansible/receptor/pkg/workceptor/workunitbase.go:43.24,44.19 1 1
github.com/ansible/receptor/pkg/workceptor/workunitbase.go:45.24,46.19 1 1
github.com/ansible/receptor/pkg/workceptor/workunitbase.go:47.26,48.21 1 1
github.com/ansible/receptor/pkg/workceptor/workunitbase.go:49.23,50.18 1 1
github.com/ansible/receptor/pkg/workceptor/workunitbase.go:51.25,52.20 1 1
github.com/ansible/receptor/pkg/workceptor/workunitbase.go:53.10,54.47 1 1
github.com/ansible/receptor/pkg/workceptor/workunitbase.go:62.32,64.2 1 1
github.com/ansible/receptor/pkg/workceptor/workunitbase.go:83.95,97.2 13 1
github.com/ansible/receptor/pkg/workceptor/workunitbase.go:100.65,103.2 2 1
github.com/ansible/receptor/pkg/workceptor/workunitbase.go:106.67,109.2 2 1
github.com/ansible/receptor/pkg/workceptor/workunitbase.go:112.64,115.2 2 1
github.com/ansible/receptor/pkg/workceptor/workunitbase.go:118.65,121.2 2 0
github.com/ansible/receptor/pkg/workceptor/workunitbase.go:124.67,126.2 1 1
github.com/ansible/receptor/pkg/workceptor/workunitbase.go:129.43,131.2 1 1
github.com/ansible/receptor/pkg/workceptor/workunitbase.go:134.38,136.2 1 1
github.com/ansible/receptor/pkg/workceptor/workunitbase.go:139.50,141.2 1 1
github.com/ansible/receptor/pkg/workceptor/workunitbase.go:144.50,146.2 1 1
github.com/ansible/receptor/pkg/workceptor/workunitbase.go:149.86,152.16 3 1
github.com/ansible/receptor/pkg/workceptor/workunitbase.go:152.16,154.3 1 1
github.com/ansible/receptor/pkg/workceptor/workunitbase.go:156.2,156.22 1 1
github.com/ansible/receptor/pkg/workceptor/workunitbase.go:160.89,161.41 1 1
github.com/ansible/receptor/pkg/workceptor/workunitbase.go:161.41,163.3 1 0
github.com/ansible/receptor/pkg/workceptor/workunitbase.go:167.61,169.16 2 1
github.com/ansible/receptor/pkg/workceptor/workunitbase.go:169.16,171.3 1 0
github.com/ansible/receptor/pkg/workceptor/workunitbase.go:172.2,175.12 3 1
github.com/ansible/receptor/pkg/workceptor/workunitbase.go:179.56,181.16 2 1
github.com/ansible/receptor/pkg/workceptor/workunitbase.go:181.16,183.3 1 1
github.com/ansible/receptor/pkg/workceptor/workunitbase.go:184.2,186.16 3 1
github.com/ansible/receptor/pkg/workceptor/workunitbase.go:186.16,188.3 1 0
github.com/ansible/receptor/pkg/workceptor/workunitbase.go:189.2,190.16 2 1
github.com/ansible/receptor/pkg/workceptor/workunitbase.go:190.16,193.18 2 0
github.com/ansible/receptor/pkg/workceptor/workunitbase.go:193.18,195.4 1 0
github.com/ansible/receptor/pkg/workceptor/workunitbase.go:197.3,197.13 1 0
github.com/ansible/receptor/pkg/workceptor/workunitbase.go:200.2,200.21 1 1
github.com/ansible/receptor/pkg/workceptor/workunitbase.go:204.39,209.2 3 1
github.com/ansible/receptor/pkg/workceptor/workunitbase.go:212.63,214.16 2 1
github.com/ansible/receptor/pkg/workceptor/workunitbase.go:214.16,216.3 1 0
github.com/ansible/receptor/pkg/workceptor/workunitbase.go:218.2,218.39 1 1
github.com/ansible/receptor/pkg/workceptor/workunitbase.go:222.56,224.16 2 1
github.com/ansible/receptor/pkg/workceptor/workunitbase.go:224.16,226.3 1 1
github.com/ansible/receptor/pkg/workceptor/workunitbase.go:227.2,229.16 3 1
github.com/ansible/receptor/pkg/workceptor/workunitbase.go:229.16,231.3 1 1
github.com/ansible/receptor/pkg/workceptor/workunitbase.go:232.2,233.16 2 1
github.com/ansible/receptor/pkg/workceptor/workunitbase.go:233.16,235.18 2 0
github.com/ansible/receptor/pkg/workceptor/workunitbase.go:235.18,237.4 1 0
github.com/ansible/receptor/pkg/workceptor/workunitbase.go:239.3,239.13 1 0
github.com/ansible/receptor/pkg/workceptor/workunitbase.go:242.2,242.21 1 1
github.com/ansible/receptor/pkg/workceptor/workunitbase.go:246.39,251.2 3 1
github.com/ansible/receptor/pkg/workceptor/workunitbase.go:255.102,257.16 2 1
github.com/ansible/receptor/pkg/workceptor/workunitbase.go:257.16,259.3 1 1
github.com/ansible/receptor/pkg/workceptor/workunitbase.go:260.2,262.16 3 1
github.com/ansible/receptor/pkg/workceptor/workunitbase.go:262.16,264.3 1 0
github.com/ansible/receptor/pkg/workceptor/workunitbase.go:265.2,265.15 1 1
github.com/ansible/receptor/pkg/workceptor/workunitbase.go:265.15,267.17 2 1
github.com/ansible/receptor/pkg/workceptor/workunitbase.go:267.17,269.4 1 0
github.com/ansible/receptor/pkg/workceptor/workunitbase.go:271.2,272.16 2 1
github.com/ansible/receptor/pkg/workceptor/workunitbase.go:272.16,274.3 1 0
github.com/ansible/receptor/pkg/workceptor/workunitbase.go:275.2,276.16 2 1
github.com/ansible/receptor/pkg/workceptor/workunitbase.go:276.16,278.3 1 0
github.com/ansible/receptor/pkg/workceptor/workunitbase.go:279.2,279.14 1 1
github.com/ansible/receptor/pkg/workceptor/workunitbase.go:279.14,281.17 2 1
github.com/ansible/receptor/pkg/workceptor/workunitbase.go:281.17,283.4 1 0
github.com/ansible/receptor/pkg/workceptor/workunitbase.go:285.2,287.16 3 1
github.com/ansible/receptor/pkg/workceptor/workunitbase.go:287.16,289.3 1 0
github.com/ansible/receptor/pkg/workceptor/workunitbase.go:290.2,291.16 2 1
github.com/ansible/receptor/pkg/workceptor/workunitbase.go:291.16,293.3 1 0
github.com/ansible/receptor/pkg/workceptor/workunitbase.go:294.2,295.16 2 1
github.com/ansible/receptor/pkg/workceptor/workunitbase.go:295.16,297.3 1 0
github.com/ansible/receptor/pkg/workceptor/workunitbase.go:299.2,299.12 1 1
github.com/ansible/receptor/pkg/workceptor/workunitbase.go:304.77,313.16 7 1
github.com/ansible/receptor/pkg/workceptor/workunitbase.go:313.16,315.3 1 1
github.com/ansible/receptor/pkg/workceptor/workunitbase.go:320.113,321.69 1 1
github.com/ansible/receptor/pkg/workceptor/workunitbase.go:321.69,324.22 3 1
github.com/ansible/receptor/pkg/workceptor/workunitbase.go:324.22,326.4 1 1
github.com/ansible/receptor/pkg/workceptor/workunitbase.go:332.88,341.16 7 1
github.com/ansible/receptor/pkg/workceptor/workunitbase.go:341.16,343.3 1 1
github.com/ansible/receptor/pkg/workceptor/workunitbase.go:347.50,352.2 3 1
github.com/ansible/receptor/pkg/workceptor/workunitbase.go:355.47,358.16 3 1
github.com/ansible/receptor/pkg/workceptor/workunitbase.go:358.16,361.3 2 1
github.com/ansible/receptor/pkg/workceptor/workunitbase.go:363.1,364.6 1 1
github.com/ansible/receptor/pkg/workceptor/workunitbase.go:364.6,365.10 1 1
github.com/ansible/receptor/pkg/workceptor/workunitbase.go:366.25,367.14 1 1
github.com/ansible/receptor/pkg/workceptor/workunitbase.go:368.34,370.68 2 0
github.com/ansible/receptor/pkg/workceptor/workunitbase.go:370.68,373.19 3 0
github.com/ansible/receptor/pkg/workceptor/workunitbase.go:373.19,375.6 1 0
github.com/ansible/receptor/pkg/workceptor/workunitbase.go:378.3,379.15 2 0
github.com/ansible/receptor/pkg/workceptor/workunitbase.go:379.15,380.9 1 0
github.com/ansible/receptor/pkg/workceptor/workunitbase.go:386.54,391.2 3 1
github.com/ansible/receptor/pkg/workceptor/workunitbase.go:394.51,396.2 1 1
github.com/ansible/receptor/pkg/workceptor/workunitbase.go:399.61,404.2 3 1
github.com/ansible/receptor/pkg/workceptor/workunitbase.go:407.52,411.6 4 1
github.com/ansible/receptor/pkg/workceptor/workunitbase.go:411.6,413.12 2 1
github.com/ansible/receptor/pkg/workceptor/workunitbase.go:413.12,414.9 1 1
github.com/ansible/receptor/pkg/workceptor/workunitbase.go:415.9,415.24 1 1
github.com/ansible/receptor/pkg/workceptor/workunitbase.go:415.24,418.24 2 1
github.com/ansible/receptor/pkg/workceptor/workunitbase.go:418.24,422.13 3 1
github.com/ansible/receptor/pkg/workceptor/workunitbase.go:424.4,426.14 2 1
github.com/ansible/receptor/pkg/workceptor/workunitbase.go:429.3,429.8 1 1
github.com/ansible/receptor/pkg/workceptor/workunitbase.go:431.2,435.12 4 1
github.com/ansible/receptor/pkg/workceptor/workunitbase.go:438.42,440.2 1 1
github.com/ansible/receptor/pkg/workceptor/workunitbase.go:442.57,444.2 1 1
github.com/ansible/receptor/pkg/workceptor/workunitbase.go:446.70,448.2 1 1
github.com/ansible/receptor/pkg/workceptor/workunitbase.go:450.61,452.2 1 1
github.com/ansible/receptor/pkg/workceptor/workunitbase.go:454.56,456.2 1 1
github.com/ansible/receptor/pkg/workceptor/workunitbase.go:458.54,460.2 1 1
github.com/ansible/receptor/pkg/workceptor/workunitbase.go:462.55,464.2 1 1
github.com/ansible/receptor/pkg/workceptor/workunitbase.go:466.55,468.2 1 0
github.com/ansible/receptor/pkg/workceptor/workunitbase.go:470.57,472.2 1 0
github.com/ansible/receptor/pkg/workceptor/workunitbase.go:476.79,481.2 3 1
github.com/ansible/receptor/pkg/workceptor/workunitbase.go:489.38,491.2 1 0
github.com/ansible/receptor/pkg/workceptor/workunitbase.go:494.40,496.2 1 0
github.com/ansible/receptor/pkg/workceptor/workunitbase.go:499.39,501.2 1 0
github.com/ansible/receptor/pkg/workceptor/workunitbase.go:503.49,508.2 3 0
